Starting calculations...
Running on the CPU
Ground state norm: 0.99999994
Querying on d = 5
[d=5] Variational circuit:
      ┌───────┐┌───────┐     ┌───────┐┌───────┐              ┌───────┐┌───────┐»
q2_0: ┤ Ry(0) ├┤ Rz(0) ├──■──┤ Ry(0) ├┤ Rz(0) ├───────────■──┤ Ry(0) ├┤ Rz(0) ├»
      ├───────┤├───────┤┌─┴─┐└───────┘├───────┤┌───────┐┌─┴─┐└───────┘├───────┤»
q2_1: ┤ Ry(0) ├┤ Rz(0) ├┤ X ├────■────┤ Ry(0) ├┤ Rz(0) ├┤ X ├────■────┤ Ry(0) ├»
      ├───────┤├───────┤└───┘  ┌─┴─┐  ├───────┤├───────┤└───┘  ┌─┴─┐  ├───────┤»
q2_2: ┤ Ry(0) ├┤ Rz(0) ├───────┤ X ├──┤ Ry(0) ├┤ Rz(0) ├───────┤ X ├──┤ Ry(0) ├»
      └───────┘└───────┘       └───┘  └───────┘└───────┘       └───┘  └───────┘»
«                    ┌───────┐┌───────┐              ┌───────┐┌───────┐»
«q2_0: ───────────■──┤ Ry(0) ├┤ Rz(0) ├───────────■──┤ Ry(0) ├┤ Rz(0) ├»
«      ┌───────┐┌─┴─┐└───────┘├───────┤┌───────┐┌─┴─┐└───────┘├───────┤»
«q2_1: ┤ Rz(0) ├┤ X ├────■────┤ Ry(0) ├┤ Rz(0) ├┤ X ├────■────┤ Ry(0) ├»
«      ├───────┤└───┘  ┌─┴─┐  ├───────┤├───────┤└───┘  ┌─┴─┐  ├───────┤»
«q2_2: ┤ Rz(0) ├───────┤ X ├──┤ Ry(0) ├┤ Rz(0) ├───────┤ X ├──┤ Ry(0) ├»
«      └───────┘       └───┘  └───────┘└───────┘       └───┘  └───────┘»
«                    ┌───────┐┌───────┐┌─────────────┐               
«q2_0: ───────────■──┤ Ry(0) ├┤ Rz(0) ├┤ U(-π/2,0,0) ├───────────────
«      ┌───────┐┌─┴─┐└───────┘├───────┤└──┬───────┬──┘┌─────────────┐
«q2_1: ┤ Rz(0) ├┤ X ├────■────┤ Ry(0) ├───┤ Rz(0) ├───┤ U(-π/2,0,0) ├
«      ├───────┤└───┘  ┌─┴─┐  ├───────┤   ├───────┤   ├─────────────┤
«q2_2: ┤ Rz(0) ├───────┤ X ├──┤ Ry(0) ├───┤ Rz(0) ├───┤ U(-π/2,0,0) ├
«      └───────┘       └───┘  └───────┘   └───────┘   └─────────────┘
Optimized to loss metric = 1.052751202185176e-12
Queried loss func 34633 times
Optimized to loss metric = 8.924438589019701e-06
Queried loss func 23488 times
Optimized to loss metric = 1.282031555568941e-12
Queried loss func 41234 times
Optimized to loss metric = 7.197549414111881e-12
Queried loss func 26721 times
Optimized to loss metric = 2.7666698793060718e-11
Queried loss func 19203 times
Optimized to loss metric = 5.5161977416395835e-12
Queried loss func 41047 times
Optimized to loss metric = 3.3356902309766845e-12
Queried loss func 34953 times
Optimized to loss metric = 4.09711652625544e-13
Queried loss func 32044 times
Optimized to loss metric = 8.924450412450824e-06
Queried loss func 17790 times
Optimized to loss metric = 1.8715105420258338e-12
Queried loss func 30687 times
[d=5] Median loss: 5.5161977416395835e-12, stdev: 0.0
[d=5] Mean # queries: 41047.0, stdev: 0.0
Calculations complete!
