Starting calculations...
Optimized to loss metric = 6.60244607925415
Queried loss func 10004 times
Optimized to loss metric = 3.0691614151000977
Queried loss func 10007 times
Optimized to loss metric = 5.760711669921875
Queried loss func 10009 times
Optimized to loss metric = 6.377345085144043
Queried loss func 10000 times
Optimized to loss metric = 6.196990013122559
Queried loss func 10000 times
Optimized to loss metric = 7.112714767456055
Queried loss func 10000 times
Optimized to loss metric = 3.525576591491699
Queried loss func 10001 times
Optimized to loss metric = 5.142139911651611
Queried loss func 10007 times
Optimized to loss metric = 7.575527191162109
Queried loss func 10008 times
Optimized to loss metric = 3.0593249797821045
Queried loss func 10000 times
Optimized to loss metric = 7.999088287353516
Queried loss func 10008 times
Optimized to loss metric = 3.0847716331481934
Queried loss func 10004 times
Optimized to loss metric = 3.391491413116455
Queried loss func 10000 times
Optimized to loss metric = 5.954538345336914
Queried loss func 10006 times
Optimized to loss metric = 4.668554306030273
Queried loss func 10000 times
Optimized to loss metric = 5.767991065979004
Queried loss func 10000 times
Optimized to loss metric = 5.333530426025391
Queried loss func 10010 times
Optimized to loss metric = 3.0564184188842773
Queried loss func 10000 times
Optimized to loss metric = 3.075456380844116
Queried loss func 10009 times
Optimized to loss metric = 7.3358259201049805
Queried loss func 10000 times
Average loss: 5.2044801950454715
1.2056352509555 with deviation 1.2199211930511866
Calculations complete!
