Starting calculations...
Optimized to loss metric = 2.041121006011963
Queried loss func 10008 times
Optimized to loss metric = 3.319007396697998
Queried loss func 10004 times
Optimized to loss metric = 1.8841314315795898
Queried loss func 10001 times
Optimized to loss metric = 2.0671799182891846
Queried loss func 10007 times
Optimized to loss metric = 7.915838718414307
Queried loss func 10006 times
Optimized to loss metric = 12.43894100189209
Queried loss func 10009 times
Optimized to loss metric = 1.9531331062316895
Queried loss func 10008 times
Optimized to loss metric = 1.875500202178955
Queried loss func 10001 times
Optimized to loss metric = 2.0827720165252686
Queried loss func 10000 times
Optimized to loss metric = 1.8723576068878174
Queried loss func 10001 times
Optimized to loss metric = 1.8766443729400635
Queried loss func 10000 times
Optimized to loss metric = 1.933931589126587
Queried loss func 10007 times
Optimized to loss metric = 1.8992905616760254
Queried loss func 10004 times
Optimized to loss metric = 1.958904504776001
Queried loss func 10001 times
Optimized to loss metric = 8.199966430664062
Queried loss func 10000 times
Optimized to loss metric = 10.173108100891113
Queried loss func 10001 times
Optimized to loss metric = 1.8778777122497559
Queried loss func 10000 times
Optimized to loss metric = 2.2113218307495117
Queried loss func 10005 times
Optimized to loss metric = 1.8789695501327515
Queried loss func 10004 times
Optimized to loss metric = 1.883653163909912
Queried loss func 10009 times
Average loss: 3.5671825110912323
0.6331313564220252 with deviation 1.261902162937845
Calculations complete!
