Starting calculations...
Optimized to loss metric = 2.024629592895508
Queried loss func 10005 times
Optimized to loss metric = 1.7209177017211914
Queried loss func 10004 times
Optimized to loss metric = 11.854267120361328
Queried loss func 10008 times
Optimized to loss metric = 1.728171706199646
Queried loss func 10005 times
Optimized to loss metric = 1.721303939819336
Queried loss func 10003 times
Optimized to loss metric = 1.7745177745819092
Queried loss func 10000 times
Optimized to loss metric = 1.7225935459136963
Queried loss func 10000 times
Optimized to loss metric = 1.7213423252105713
Queried loss func 10001 times
Optimized to loss metric = 1.7227756977081299
Queried loss func 10001 times
Optimized to loss metric = 1.785386085510254
Queried loss func 10010 times
Optimized to loss metric = 1.7440004348754883
Queried loss func 10002 times
Optimized to loss metric = 1.8768678903579712
Queried loss func 10005 times
Optimized to loss metric = 1.7203404903411865
Queried loss func 10003 times
Optimized to loss metric = 1.7209256887435913
Queried loss func 10007 times
Optimized to loss metric = 2.0734076499938965
Queried loss func 10005 times
Optimized to loss metric = 1.7254197597503662
Queried loss func 10007 times
Optimized to loss metric = 1.9195358753204346
Queried loss func 10005 times
Optimized to loss metric = 4.056424140930176
Queried loss func 10000 times
Optimized to loss metric = 12.529802322387695
Queried loss func 10008 times
Optimized to loss metric = 1.806865930557251
Queried loss func 10000 times
Average loss: 2.9474747836589814
0.3604967281962306 with deviation 0.9022117535096225
Calculations complete!
