Starting calculations...
Optimized to loss metric = 1.7200088500976562
Queried loss func 10007 times
Optimized to loss metric = 5.441356182098389
Queried loss func 10007 times
Optimized to loss metric = 2.010066270828247
Queried loss func 10007 times
Optimized to loss metric = 2.1500048637390137
Queried loss func 10009 times
Optimized to loss metric = 2.7790839672088623
Queried loss func 10008 times
Optimized to loss metric = 1.781795620918274
Queried loss func 10006 times
Optimized to loss metric = 5.766130447387695
Queried loss func 10000 times
Optimized to loss metric = 1.7404649257659912
Queried loss func 10000 times
Optimized to loss metric = 1.7995394468307495
Queried loss func 10001 times
Optimized to loss metric = 1.728263020515442
Queried loss func 10000 times
Optimized to loss metric = 2.2250900268554688
Queried loss func 10000 times
Optimized to loss metric = 2.0616953372955322
Queried loss func 10000 times
Optimized to loss metric = 1.7925106287002563
Queried loss func 10001 times
Optimized to loss metric = 1.723829984664917
Queried loss func 10009 times
Optimized to loss metric = 1.7614457607269287
Queried loss func 10007 times
Optimized to loss metric = 6.480525970458984
Queried loss func 10000 times
Optimized to loss metric = 15.864490509033203
Queried loss func 10000 times
Optimized to loss metric = 1.7211203575134277
Queried loss func 10004 times
Optimized to loss metric = 6.022473335266113
Queried loss func 10004 times
Optimized to loss metric = 4.038311004638672
Queried loss func 10001 times
Average loss: 3.5304103255271913
0.5318330526658107 with deviation 0.9726751143093695
Calculations complete!
