Starting calculations...
Optimized to loss metric = 1.7205100059509277
Queried loss func 10005 times
Optimized to loss metric = 1.7195215225219727
Queried loss func 10006 times
Optimized to loss metric = 1.7211724519729614
Queried loss func 10000 times
Optimized to loss metric = 2.096740245819092
Queried loss func 10003 times
Optimized to loss metric = 1.7214224338531494
Queried loss func 10000 times
Optimized to loss metric = 14.92052936553955
Queried loss func 10000 times
Optimized to loss metric = 6.081978797912598
Queried loss func 10005 times
Optimized to loss metric = 5.105854034423828
Queried loss func 10007 times
Optimized to loss metric = 1.7879505157470703
Queried loss func 10004 times
Optimized to loss metric = 1.723827838897705
Queried loss func 10001 times
Optimized to loss metric = 2.0037875175476074
Queried loss func 10000 times
Optimized to loss metric = 2.7815754413604736
Queried loss func 10004 times
Optimized to loss metric = 1.7621970176696777
Queried loss func 10001 times
Optimized to loss metric = 1.7204771041870117
Queried loss func 10008 times
Optimized to loss metric = 1.974745512008667
Queried loss func 10000 times
Optimized to loss metric = 1.7197551727294922
Queried loss func 10000 times
Optimized to loss metric = 8.535796165466309
Queried loss func 10000 times
Optimized to loss metric = 1.7477853298187256
Queried loss func 10000 times
Optimized to loss metric = 1.7220458984375
Queried loss func 10001 times
Optimized to loss metric = 1.7200815677642822
Queried loss func 10000 times
Average loss: 3.2143876969814302
0.4330770812582089 with deviation 0.9281262510375636
Calculations complete!
