Starting calculations...
Optimized to loss metric = 2.243648052215576
Queried loss func 10000 times
Optimized to loss metric = 4.827919006347656
Queried loss func 10000 times
Optimized to loss metric = 1.851516604423523
Queried loss func 10010 times
Optimized to loss metric = 1.872236728668213
Queried loss func 10000 times
Optimized to loss metric = 2.81341552734375
Queried loss func 10005 times
Optimized to loss metric = 1.9123578071594238
Queried loss func 10008 times
Optimized to loss metric = 2.4966726303100586
Queried loss func 10006 times
Optimized to loss metric = 1.856122612953186
Queried loss func 10009 times
Optimized to loss metric = 2.253469467163086
Queried loss func 10008 times
Optimized to loss metric = 1.8891856670379639
Queried loss func 10000 times
Optimized to loss metric = 2.0285186767578125
Queried loss func 10002 times
Optimized to loss metric = 10.681926727294922
Queried loss func 10000 times
Optimized to loss metric = 3.9365787506103516
Queried loss func 10001 times
Optimized to loss metric = 1.8600034713745117
Queried loss func 10003 times
Optimized to loss metric = 1.8517429828643799
Queried loss func 10000 times
Optimized to loss metric = 1.8945740461349487
Queried loss func 10001 times
Optimized to loss metric = 3.0126099586486816
Queried loss func 10000 times
Optimized to loss metric = 2.5863001346588135
Queried loss func 10003 times
Optimized to loss metric = 3.2927281856536865
Queried loss func 10009 times
Optimized to loss metric = 4.673579216003418
Queried loss func 10003 times
Average loss: 2.991755312681198
0.42571457987338424 with deviation 0.9309545238704915
Calculations complete!
