Starting calculations...
Optimized to loss metric = 5.181968688964844
Queried loss func 10007 times
Optimized to loss metric = 1.7714366912841797
Queried loss func 10008 times
Optimized to loss metric = 10.505773544311523
Queried loss func 10005 times
Optimized to loss metric = 1.7751593589782715
Queried loss func 10000 times
Optimized to loss metric = 1.8060581684112549
Queried loss func 10000 times
Optimized to loss metric = 8.27847671508789
Queried loss func 10000 times
Optimized to loss metric = 2.11234188079834
Queried loss func 10000 times
Optimized to loss metric = 2.3629069328308105
Queried loss func 10000 times
Optimized to loss metric = 1.7819478511810303
Queried loss func 10000 times
Optimized to loss metric = 1.7751916646957397
Queried loss func 10000 times
Optimized to loss metric = 9.606630325317383
Queried loss func 10000 times
Optimized to loss metric = 2.016572952270508
Queried loss func 10000 times
Optimized to loss metric = 5.706877708435059
Queried loss func 10002 times
Optimized to loss metric = 1.7762829065322876
Queried loss func 10007 times
Optimized to loss metric = 1.7705779075622559
Queried loss func 10000 times
Optimized to loss metric = 9.449913024902344
Queried loss func 10001 times
Optimized to loss metric = 2.187206506729126
Queried loss func 10008 times
Optimized to loss metric = 5.166259765625
Queried loss func 10006 times
Optimized to loss metric = 1.7591564655303955
Queried loss func 10000 times
Optimized to loss metric = 1.792481541633606
Queried loss func 10000 times
Average loss: 3.9291610300540922
0.6420957202778137 with deviation 0.9082148423268985
Calculations complete!
