Starting calculations...
Optimized to loss metric = 1.9388504028320312
Queried loss func 10007 times
Optimized to loss metric = 1.8493194580078125
Queried loss func 10000 times
Optimized to loss metric = 2.079211473464966
Queried loss func 10004 times
Optimized to loss metric = 1.7365667819976807
Queried loss func 10000 times
Optimized to loss metric = 1.7658114433288574
Queried loss func 10010 times
Optimized to loss metric = 1.7364351749420166
Queried loss func 10000 times
Optimized to loss metric = 8.1875581741333
Queried loss func 10006 times
Optimized to loss metric = 2.1553404331207275
Queried loss func 10001 times
Optimized to loss metric = 1.742784023284912
Queried loss func 10008 times
Optimized to loss metric = 1.726574182510376
Queried loss func 10004 times
Optimized to loss metric = 1.779036521911621
Queried loss func 10000 times
Optimized to loss metric = 10.241889953613281
Queried loss func 10000 times
Optimized to loss metric = 1.758065938949585
Queried loss func 10001 times
Optimized to loss metric = 1.9349441528320312
Queried loss func 10000 times
Optimized to loss metric = 1.756028413772583
Queried loss func 10004 times
Optimized to loss metric = 1.7366597652435303
Queried loss func 10004 times
Optimized to loss metric = 1.7390767335891724
Queried loss func 10005 times
Optimized to loss metric = 2.274261713027954
Queried loss func 10003 times
Optimized to loss metric = 1.961820125579834
Queried loss func 10000 times
Optimized to loss metric = 1.7245395183563232
Queried loss func 10000 times
Average loss: 2.59123871922493
0.26396084741515324 with deviation 0.6699221438236458
Calculations complete!
