Starting calculations...
Optimized to loss metric = 1.7290055751800537
Queried loss func 10003 times
Optimized to loss metric = 1.7200145721435547
Queried loss func 10000 times
Optimized to loss metric = 1.7825977802276611
Queried loss func 10004 times
Optimized to loss metric = 1.7203662395477295
Queried loss func 10001 times
Optimized to loss metric = 1.7978384494781494
Queried loss func 10003 times
Optimized to loss metric = 1.7260184288024902
Queried loss func 10010 times
Optimized to loss metric = 2.122638463973999
Queried loss func 10010 times
Optimized to loss metric = 1.725386619567871
Queried loss func 10008 times
Optimized to loss metric = 1.8055872917175293
Queried loss func 10002 times
Optimized to loss metric = 1.7261931896209717
Queried loss func 10004 times
Optimized to loss metric = 2.134284496307373
Queried loss func 10003 times
Optimized to loss metric = 1.7221097946166992
Queried loss func 10001 times
Optimized to loss metric = 1.7218611240386963
Queried loss func 10010 times
Optimized to loss metric = 1.7195556163787842
Queried loss func 10000 times
Optimized to loss metric = 2.0905516147613525
Queried loss func 10002 times
Optimized to loss metric = 2.666187286376953
Queried loss func 10006 times
Optimized to loss metric = 1.9926139116287231
Queried loss func 10000 times
Optimized to loss metric = 11.145271301269531
Queried loss func 10000 times
Optimized to loss metric = 1.7818880081176758
Queried loss func 10003 times
Optimized to loss metric = 1.7200005054473877
Queried loss func 10001 times
Average loss: 2.327498513460159
0.179590627284491 with deviation 0.5731373256131588
Calculations complete!
