Starting calculations...
      ┌───┐          
q0_0: ┤ H ├──■────■──
      └───┘┌─┴─┐  │  
q0_1: ─────┤ X ├──┼──
           └───┘┌─┴─┐
q0_2: ──────────┤ X ├
                └───┘
Querying on d = 5
[d=5] Variational circuit:
      ┌───────┐┌───────┐     ┌───────┐┌───────┐              ┌───────┐┌───────┐»
q3_0: ┤ Ry(0) ├┤ Rz(0) ├──■──┤ Ry(0) ├┤ Rz(0) ├───────────■──┤ Ry(0) ├┤ Rz(0) ├»
      ├───────┤├───────┤┌─┴─┐└───────┘├───────┤┌───────┐┌─┴─┐└───────┘├───────┤»
q3_1: ┤ Ry(0) ├┤ Rz(0) ├┤ X ├────■────┤ Ry(0) ├┤ Rz(0) ├┤ X ├────■────┤ Ry(0) ├»
      ├───────┤├───────┤└───┘  ┌─┴─┐  ├───────┤├───────┤└───┘  ┌─┴─┐  ├───────┤»
q3_2: ┤ Ry(0) ├┤ Rz(0) ├───────┤ X ├──┤ Ry(0) ├┤ Rz(0) ├───────┤ X ├──┤ Ry(0) ├»
      └───────┘└───────┘       └───┘  └───────┘└───────┘       └───┘  └───────┘»
«                    ┌───────┐┌───────┐              ┌───────┐┌───────┐»
«q3_0: ───────────■──┤ Ry(0) ├┤ Rz(0) ├───────────■──┤ Ry(0) ├┤ Rz(0) ├»
«      ┌───────┐┌─┴─┐└───────┘├───────┤┌───────┐┌─┴─┐└───────┘├───────┤»
«q3_1: ┤ Rz(0) ├┤ X ├────■────┤ Ry(0) ├┤ Rz(0) ├┤ X ├────■────┤ Ry(0) ├»
«      ├───────┤└───┘  ┌─┴─┐  ├───────┤├───────┤└───┘  ┌─┴─┐  ├───────┤»
«q3_2: ┤ Rz(0) ├───────┤ X ├──┤ Ry(0) ├┤ Rz(0) ├───────┤ X ├──┤ Ry(0) ├»
«      └───────┘       └───┘  └───────┘└───────┘       └───┘  └───────┘»
«                    ┌───────┐┌───────┐┌──────────┐            
«q3_0: ───────────■──┤ Ry(0) ├┤ Rz(0) ├┤ U(0,0,0) ├────────────
«      ┌───────┐┌─┴─┐└───────┘├───────┤└┬───────┬─┘┌──────────┐
«q3_1: ┤ Rz(0) ├┤ X ├────■────┤ Ry(0) ├─┤ Rz(0) ├──┤ U(0,0,0) ├
«      ├───────┤└───┘  ┌─┴─┐  ├───────┤ ├───────┤  ├──────────┤
«q3_2: ┤ Rz(0) ├───────┤ X ├──┤ Ry(0) ├─┤ Rz(0) ├──┤ U(0,0,0) ├
«      └───────┘       └───┘  └───────┘ └───────┘  └──────────┘
Optimized to loss metric = 1.9014861029047897e-13
Queried loss func 13962 times
Optimized to loss metric = 2.738098376503517e-13
Queried loss func 18987 times
Optimized to loss metric = 1.7324790080731726e-14
Queried loss func 16784 times
Optimized to loss metric = 8.08991071289851e-14
Queried loss func 23596 times
Optimized to loss metric = 1.8021200579986657e-13
Queried loss func 14247 times
Optimized to loss metric = 1.523629555855166e-09
Queried loss func 5985 times
Optimized to loss metric = 2.600398263147459e-14
Queried loss func 18297 times
Optimized to loss metric = 8.649570859900479e-13
Queried loss func 17271 times
Optimized to loss metric = 2.1672537354154586e-13
Queried loss func 14298 times
Optimized to loss metric = 4.431336211602882e-14
Queried loss func 18615 times
[d=5] Median loss: 1.523629555855166e-09, stdev: 0.0
[d=5] Mean # queries: 5985.0, stdev: 0.0
Calculations complete!
