Starting calculations...
Optimized to loss metric = 6.856103897094727
Queried loss func 10006 times
Optimized to loss metric = 5.958593368530273
Queried loss func 10006 times
Optimized to loss metric = 3.385009527206421
Queried loss func 10003 times
Optimized to loss metric = 5.501803398132324
Queried loss func 10002 times
Optimized to loss metric = 6.263266563415527
Queried loss func 10000 times
Optimized to loss metric = 6.44788932800293
Queried loss func 10008 times
Optimized to loss metric = 7.963080406188965
Queried loss func 10000 times
Optimized to loss metric = 6.9230427742004395
Queried loss func 10000 times
Optimized to loss metric = 3.5249483585357666
Queried loss func 10002 times
Optimized to loss metric = 6.874288558959961
Queried loss func 10001 times
Optimized to loss metric = 6.984827518463135
Queried loss func 10007 times
Optimized to loss metric = 3.3764116764068604
Queried loss func 10001 times
Optimized to loss metric = 3.348874092102051
Queried loss func 10000 times
Optimized to loss metric = 4.06195592880249
Queried loss func 10002 times
Optimized to loss metric = 3.4046730995178223
Queried loss func 10001 times
Optimized to loss metric = 3.6391043663024902
Queried loss func 10000 times
Optimized to loss metric = 7.176332473754883
Queried loss func 10000 times
Optimized to loss metric = 4.421665191650391
Queried loss func 10005 times
Optimized to loss metric = 7.830352783203125
Queried loss func 10010 times
Optimized to loss metric = 8.075427055358887
Queried loss func 10010 times
Average loss: 5.600882518291473
1.6834396825817453 with deviation 1.6164471996219445
Calculations complete!
