Starting calculations...
Optimized to loss metric = 6.753085136413574
Queried loss func 10008 times
Optimized to loss metric = 5.442244529724121
Queried loss func 10004 times
Optimized to loss metric = 6.322234153747559
Queried loss func 10006 times
Optimized to loss metric = 4.865278244018555
Queried loss func 10000 times
Optimized to loss metric = 6.998359680175781
Queried loss func 10001 times
Optimized to loss metric = 6.781921863555908
Queried loss func 10006 times
Optimized to loss metric = 6.252961158752441
Queried loss func 10000 times
Optimized to loss metric = 6.766599178314209
Queried loss func 10001 times
Optimized to loss metric = 6.699042797088623
Queried loss func 10000 times
Optimized to loss metric = 6.935719013214111
Queried loss func 10006 times
Optimized to loss metric = 5.660130500793457
Queried loss func 10005 times
Optimized to loss metric = 4.753560543060303
Queried loss func 10000 times
Optimized to loss metric = 5.5276970863342285
Queried loss func 10000 times
Optimized to loss metric = 5.9980082511901855
Queried loss func 10000 times
Optimized to loss metric = 5.845306873321533
Queried loss func 10002 times
Optimized to loss metric = 6.894753932952881
Queried loss func 10002 times
Optimized to loss metric = 5.668329238891602
Queried loss func 10008 times
Optimized to loss metric = 6.6336140632629395
Queried loss func 10000 times
Optimized to loss metric = 6.612973690032959
Queried loss func 10000 times
Optimized to loss metric = 6.19831657409668
Queried loss func 10008 times
Average loss: 6.1805068254470825
2.1231066356178085 with deviation 1.4032293288035633
Calculations complete!
