Starting calculations...
Optimized to loss metric = 1.7749462127685547
Queried loss func 10001 times
Optimized to loss metric = 1.7492306232452393
Queried loss func 10000 times
Optimized to loss metric = 2.3008508682250977
Queried loss func 10010 times
Optimized to loss metric = 1.8948736190795898
Queried loss func 10000 times
Optimized to loss metric = 1.7665002346038818
Queried loss func 10000 times
Optimized to loss metric = 1.8293973207473755
Queried loss func 10000 times
Optimized to loss metric = 1.799609899520874
Queried loss func 10004 times
Optimized to loss metric = 1.7534236907958984
Queried loss func 10005 times
Optimized to loss metric = 1.7656506299972534
Queried loss func 10001 times
Optimized to loss metric = 2.1784017086029053
Queried loss func 10000 times
Optimized to loss metric = 2.002479076385498
Queried loss func 10004 times
Optimized to loss metric = 1.7518179416656494
Queried loss func 10006 times
Optimized to loss metric = 1.7583808898925781
Queried loss func 10001 times
Optimized to loss metric = 1.7680450677871704
Queried loss func 10009 times
Optimized to loss metric = 1.765210509300232
Queried loss func 10010 times
Optimized to loss metric = 1.7678117752075195
Queried loss func 10000 times
Optimized to loss metric = 1.7630596160888672
Queried loss func 10003 times
Optimized to loss metric = 2.040365695953369
Queried loss func 10000 times
Optimized to loss metric = 1.7848665714263916
Queried loss func 10000 times
Optimized to loss metric = 4.184196949005127
Queried loss func 10000 times
Average loss: 1.9699559450149535
0.0682504329342412 with deviation 0.1533938253501003
Calculations complete!
