Starting calculations...
Optimized to loss metric = 3.216165542602539
Queried loss func 10007 times
Optimized to loss metric = 1.9133436679840088
Queried loss func 10000 times
Optimized to loss metric = 8.43451976776123
Queried loss func 10004 times
Optimized to loss metric = 1.899705171585083
Queried loss func 10000 times
Optimized to loss metric = 1.929344892501831
Queried loss func 10001 times
Optimized to loss metric = 1.9046015739440918
Queried loss func 10003 times
Optimized to loss metric = 1.8973114490509033
Queried loss func 10001 times
Optimized to loss metric = 1.9004982709884644
Queried loss func 10001 times
Optimized to loss metric = 1.9090609550476074
Queried loss func 10001 times
Optimized to loss metric = 1.9062128067016602
Queried loss func 10009 times
Optimized to loss metric = 1.947421669960022
Queried loss func 10004 times
Optimized to loss metric = 7.490758419036865
Queried loss func 10000 times
Optimized to loss metric = 1.9432426691055298
Queried loss func 10007 times
Optimized to loss metric = 1.8920855522155762
Queried loss func 10000 times
Optimized to loss metric = 10.797806739807129
Queried loss func 10000 times
Optimized to loss metric = 6.704063415527344
Queried loss func 10000 times
Optimized to loss metric = 11.759218215942383
Queried loss func 10001 times
Optimized to loss metric = 3.5155632495880127
Queried loss func 10005 times
Optimized to loss metric = 2.38100004196167
Queried loss func 10000 times
Optimized to loss metric = 7.724353790283203
Queried loss func 10005 times
Average loss: 4.1533138930797575
0.897096762968645 with deviation 1.5352508352246848
Calculations complete!
