Starting calculations...
Optimized to loss metric = 8.370667457580566
Queried loss func 10004 times
Optimized to loss metric = 1.7993309497833252
Queried loss func 10000 times
Optimized to loss metric = 12.20223617553711
Queried loss func 10000 times
Optimized to loss metric = 1.8009189367294312
Queried loss func 10000 times
Optimized to loss metric = 2.1246142387390137
Queried loss func 10004 times
Optimized to loss metric = 12.448789596557617
Queried loss func 10000 times
Optimized to loss metric = 1.8113393783569336
Queried loss func 10006 times
Optimized to loss metric = 1.7259259223937988
Queried loss func 10003 times
Optimized to loss metric = 1.7304702997207642
Queried loss func 10004 times
Optimized to loss metric = 1.897592306137085
Queried loss func 10000 times
Optimized to loss metric = 1.720870018005371
Queried loss func 10004 times
Optimized to loss metric = 1.7276010513305664
Queried loss func 10005 times
Optimized to loss metric = 1.7263538837432861
Queried loss func 10000 times
Optimized to loss metric = 1.7971867322921753
Queried loss func 10001 times
Optimized to loss metric = 7.659059524536133
Queried loss func 10000 times
Optimized to loss metric = 1.722217321395874
Queried loss func 10009 times
Optimized to loss metric = 1.729528546333313
Queried loss func 10000 times
Optimized to loss metric = 1.7749884128570557
Queried loss func 10000 times
Optimized to loss metric = 2.1097381114959717
Queried loss func 10003 times
Optimized to loss metric = 1.7290902137756348
Queried loss func 10001 times
Average loss: 3.4804259538650513
0.5112459353479665 with deviation 1.0013196866137628
Calculations complete!
