Starting calculations...
Optimized to loss metric = 5.487797737121582
Queried loss func 10009 times
Optimized to loss metric = 1.7701730728149414
Queried loss func 10000 times
Optimized to loss metric = 2.3669471740722656
Queried loss func 10005 times
Optimized to loss metric = 2.4590554237365723
Queried loss func 10000 times
Optimized to loss metric = 1.7807722091674805
Queried loss func 10000 times
Optimized to loss metric = 9.196313858032227
Queried loss func 10000 times
Optimized to loss metric = 1.929113507270813
Queried loss func 10005 times
Optimized to loss metric = 2.3117380142211914
Queried loss func 10004 times
Optimized to loss metric = 1.8421452045440674
Queried loss func 10007 times
Optimized to loss metric = 1.7773772478103638
Queried loss func 10000 times
Optimized to loss metric = 1.7819950580596924
Queried loss func 10005 times
Optimized to loss metric = 1.783217430114746
Queried loss func 10008 times
Optimized to loss metric = 1.7887213230133057
Queried loss func 10000 times
Optimized to loss metric = 1.7770971059799194
Queried loss func 10000 times
Optimized to loss metric = 1.7708817720413208
Queried loss func 10001 times
Optimized to loss metric = 1.780417561531067
Queried loss func 10000 times
Optimized to loss metric = 2.5170600414276123
Queried loss func 10009 times
Optimized to loss metric = 1.7826969623565674
Queried loss func 10007 times
Optimized to loss metric = 2.004481792449951
Queried loss func 10003 times
Optimized to loss metric = 1.7807964086532593
Queried loss func 10000 times
Average loss: 2.4844399452209474
0.21364810268340095 with deviation 0.5099883155508977
Calculations complete!
