Starting calculations...
Optimized to loss metric = 4.913954734802246
Queried loss func 10008 times
Optimized to loss metric = 1.7197668552398682
Queried loss func 10000 times
Optimized to loss metric = 2.2298810482025146
Queried loss func 10008 times
Optimized to loss metric = 1.8759795427322388
Queried loss func 10002 times
Optimized to loss metric = 1.7706174850463867
Queried loss func 10000 times
Optimized to loss metric = 1.7200472354888916
Queried loss func 10000 times
Optimized to loss metric = 1.9436981678009033
Queried loss func 10007 times
Optimized to loss metric = 1.7814064025878906
Queried loss func 10007 times
Optimized to loss metric = 13.46673583984375
Queried loss func 10008 times
Optimized to loss metric = 1.7201869487762451
Queried loss func 10004 times
Optimized to loss metric = 2.115872859954834
Queried loss func 10000 times
Optimized to loss metric = 1.8218096494674683
Queried loss func 10000 times
Optimized to loss metric = 1.805922031402588
Queried loss func 10000 times
Optimized to loss metric = 1.770329236984253
Queried loss func 10001 times
Optimized to loss metric = 1.9466524124145508
Queried loss func 10007 times
Optimized to loss metric = 5.304043292999268
Queried loss func 10003 times
Optimized to loss metric = 1.7288322448730469
Queried loss func 10000 times
Optimized to loss metric = 1.719740867614746
Queried loss func 10003 times
Optimized to loss metric = 1.7223832607269287
Queried loss func 10003 times
Optimized to loss metric = 1.7267547845840454
Queried loss func 10009 times
Average loss: 2.7402307450771333
0.30219223762769887 with deviation 0.7736506688873223
Calculations complete!
