Starting calculations...
Optimized to loss metric = 6.094785213470459
Queried loss func 10009 times
Optimized to loss metric = 2.015205144882202
Queried loss func 10006 times
Optimized to loss metric = 9.094748497009277
Queried loss func 10006 times
Optimized to loss metric = 2.027902603149414
Queried loss func 10001 times
Optimized to loss metric = 3.1955630779266357
Queried loss func 10001 times
Optimized to loss metric = 6.663888931274414
Queried loss func 10007 times
Optimized to loss metric = 2.0115644931793213
Queried loss func 10000 times
Optimized to loss metric = 1.8720065355300903
Queried loss func 10010 times
Optimized to loss metric = 3.21700382232666
Queried loss func 10000 times
Optimized to loss metric = 6.3464813232421875
Queried loss func 10008 times
Optimized to loss metric = 10.562965393066406
Queried loss func 10000 times
Optimized to loss metric = 2.2968153953552246
Queried loss func 10005 times
Optimized to loss metric = 9.136795043945312
Queried loss func 10003 times
Optimized to loss metric = 10.852771759033203
Queried loss func 10007 times
Optimized to loss metric = 1.981687307357788
Queried loss func 10001 times
Optimized to loss metric = 1.8977477550506592
Queried loss func 10008 times
Optimized to loss metric = 9.487395286560059
Queried loss func 10005 times
Optimized to loss metric = 1.883439540863037
Queried loss func 10004 times
Optimized to loss metric = 2.143993616104126
Queried loss func 10003 times
Optimized to loss metric = 5.664186000823975
Queried loss func 10003 times
Average loss: 4.922347337007523
1.0315174959650588 with deviation 1.1556277444194183
Calculations complete!
