Starting calculations...
Optimized to loss metric = 3.129965305328369
Queried loss func 10005 times
Optimized to loss metric = 1.744463562965393
Queried loss func 10001 times
Optimized to loss metric = 1.8827241659164429
Queried loss func 10009 times
Optimized to loss metric = 1.7230620384216309
Queried loss func 10000 times
Optimized to loss metric = 1.7227363586425781
Queried loss func 10000 times
Optimized to loss metric = 1.759763240814209
Queried loss func 10007 times
Optimized to loss metric = 1.7633622884750366
Queried loss func 10000 times
Optimized to loss metric = 1.7197120189666748
Queried loss func 10007 times
Optimized to loss metric = 1.8190555572509766
Queried loss func 10000 times
Optimized to loss metric = 1.9829609394073486
Queried loss func 10009 times
Optimized to loss metric = 1.7770041227340698
Queried loss func 10010 times
Optimized to loss metric = 1.7212245464324951
Queried loss func 10001 times
Optimized to loss metric = 3.332960844039917
Queried loss func 10003 times
Optimized to loss metric = 1.7659029960632324
Queried loss func 10004 times
Optimized to loss metric = 1.763833999633789
Queried loss func 10010 times
Optimized to loss metric = 3.3960347175598145
Queried loss func 10006 times
Optimized to loss metric = 1.721743106842041
Queried loss func 10002 times
Optimized to loss metric = 1.725381851196289
Queried loss func 10003 times
Optimized to loss metric = 1.8525184392929077
Queried loss func 10002 times
Optimized to loss metric = 1.719972848892212
Queried loss func 10000 times
Average loss: 2.0012191474437713
0.08956089642018229 with deviation 0.15850519515316946
Calculations complete!
