Starting calculations...
Optimized to loss metric = 5.528116226196289
Queried loss func 10008 times
Optimized to loss metric = 1.7539737224578857
Queried loss func 10000 times
Optimized to loss metric = 5.119307518005371
Queried loss func 10007 times
Optimized to loss metric = 14.250460624694824
Queried loss func 10000 times
Optimized to loss metric = 7.636151313781738
Queried loss func 10000 times
Optimized to loss metric = 1.7203333377838135
Queried loss func 10005 times
Optimized to loss metric = 10.059492111206055
Queried loss func 10000 times
Optimized to loss metric = 3.0276525020599365
Queried loss func 10004 times
Optimized to loss metric = 1.7204196453094482
Queried loss func 10000 times
Optimized to loss metric = 1.721146583557129
Queried loss func 10000 times
Optimized to loss metric = 1.7206647396087646
Queried loss func 10000 times
Optimized to loss metric = 12.126371383666992
Queried loss func 10000 times
Optimized to loss metric = 1.8189703226089478
Queried loss func 10003 times
Optimized to loss metric = 10.949134826660156
Queried loss func 10005 times
Optimized to loss metric = 1.7278251647949219
Queried loss func 10001 times
Optimized to loss metric = 9.985219955444336
Queried loss func 10001 times
Optimized to loss metric = 1.724602222442627
Queried loss func 10002 times
Optimized to loss metric = 1.7210423946380615
Queried loss func 10003 times
Optimized to loss metric = 1.7278746366500854
Queried loss func 10000 times
Optimized to loss metric = 1.9508655071258545
Queried loss func 10008 times
Average loss: 4.899481236934662
0.9269089636354713 with deviation 1.2191111076645764
Calculations complete!
