Starting calculations...
Optimized to loss metric = 1.8150134086608887
Queried loss func 10007 times
Optimized to loss metric = 2.4584250450134277
Queried loss func 10001 times
Optimized to loss metric = 6.574405193328857
Queried loss func 10001 times
Optimized to loss metric = 1.8146522045135498
Queried loss func 10000 times
Optimized to loss metric = 4.621519088745117
Queried loss func 10000 times
Optimized to loss metric = 1.8458563089370728
Queried loss func 10000 times
Optimized to loss metric = 1.975347638130188
Queried loss func 10001 times
Optimized to loss metric = 1.7978956699371338
Queried loss func 10008 times
Optimized to loss metric = 1.7970165014266968
Queried loss func 10008 times
Optimized to loss metric = 1.8170955181121826
Queried loss func 10001 times
Optimized to loss metric = 2.419430732727051
Queried loss func 10008 times
Optimized to loss metric = 1.7901901006698608
Queried loss func 10000 times
Optimized to loss metric = 10.509817123413086
Queried loss func 10007 times
Optimized to loss metric = 1.804431676864624
Queried loss func 10007 times
Optimized to loss metric = 12.103927612304688
Queried loss func 10003 times
Optimized to loss metric = 2.0830743312835693
Queried loss func 10001 times
Optimized to loss metric = 1.8019671440124512
Queried loss func 10007 times
Optimized to loss metric = 2.8688032627105713
Queried loss func 10007 times
Optimized to loss metric = 6.998828887939453
Queried loss func 10001 times
Optimized to loss metric = 1.8299155235290527
Queried loss func 10001 times
Average loss: 3.536380648612976
0.5481379435964574 with deviation 0.9749448441588184
Calculations complete!
