Starting calculations...
Optimized to loss metric = 7.3034210205078125
Queried loss func 10007 times
Optimized to loss metric = 4.6936163902282715
Queried loss func 10001 times
Optimized to loss metric = 4.010919094085693
Queried loss func 10000 times
Optimized to loss metric = 4.153135299682617
Queried loss func 10002 times
Optimized to loss metric = 6.931081295013428
Queried loss func 10000 times
Optimized to loss metric = 3.7954254150390625
Queried loss func 10009 times
Optimized to loss metric = 7.423122406005859
Queried loss func 10003 times
Optimized to loss metric = 7.798792839050293
Queried loss func 10006 times
Optimized to loss metric = 6.177538871765137
Queried loss func 10007 times
Optimized to loss metric = 4.937954425811768
Queried loss func 10001 times
Optimized to loss metric = 3.807003974914551
Queried loss func 10009 times
Optimized to loss metric = 3.6237831115722656
Queried loss func 10010 times
Optimized to loss metric = 7.033217430114746
Queried loss func 10006 times
Optimized to loss metric = 6.034646034240723
Queried loss func 10000 times
Optimized to loss metric = 3.6066646575927734
Queried loss func 10001 times
Optimized to loss metric = 7.044249534606934
Queried loss func 10000 times
Optimized to loss metric = 3.730705499649048
Queried loss func 10003 times
Optimized to loss metric = 6.654378890991211
Queried loss func 10007 times
Optimized to loss metric = 7.2510881423950195
Queried loss func 10000 times
Optimized to loss metric = 6.344879150390625
Queried loss func 10001 times
Average loss: 5.617781174182892
1.5995999002311145 with deviation 1.5666855709057814
Calculations complete!
