Starting calculations...
Optimized to loss metric = 1.8547255992889404
Queried loss func 10005 times
Optimized to loss metric = 1.8303780555725098
Queried loss func 10000 times
Optimized to loss metric = 3.959473133087158
Queried loss func 10003 times
Optimized to loss metric = 1.9115135669708252
Queried loss func 10001 times
Optimized to loss metric = 2.4790289402008057
Queried loss func 10004 times
Optimized to loss metric = 2.0698750019073486
Queried loss func 10000 times
Optimized to loss metric = 2.924403190612793
Queried loss func 10005 times
Optimized to loss metric = 2.7251951694488525
Queried loss func 10004 times
Optimized to loss metric = 2.2330970764160156
Queried loss func 10000 times
Optimized to loss metric = 5.684114456176758
Queried loss func 10010 times
Optimized to loss metric = 2.4378833770751953
Queried loss func 10010 times
Optimized to loss metric = 1.922628402709961
Queried loss func 10000 times
Optimized to loss metric = 1.8513391017913818
Queried loss func 10001 times
Optimized to loss metric = 1.844404935836792
Queried loss func 10000 times
Optimized to loss metric = 9.575865745544434
Queried loss func 10001 times
Optimized to loss metric = 1.8312383890151978
Queried loss func 10001 times
Optimized to loss metric = 3.806036949157715
Queried loss func 10000 times
Optimized to loss metric = 1.8624987602233887
Queried loss func 10002 times
Optimized to loss metric = 8.755695343017578
Queried loss func 10000 times
Optimized to loss metric = 7.311836242675781
Queried loss func 10000 times
Average loss: 3.4435615718364714
0.5301406082663358 with deviation 0.8329045439199412
Calculations complete!
