Starting calculations...
Optimized to loss metric = 6.149416923522949
Queried loss func 10000 times
Optimized to loss metric = 6.196992874145508
Queried loss func 10003 times
Optimized to loss metric = 6.85824728012085
Queried loss func 10001 times
Optimized to loss metric = 5.077943801879883
Queried loss func 10000 times
Optimized to loss metric = 6.869606018066406
Queried loss func 10004 times
Optimized to loss metric = 6.70716667175293
Queried loss func 10010 times
Optimized to loss metric = 6.491611003875732
Queried loss func 10007 times
Optimized to loss metric = 5.148157119750977
Queried loss func 10003 times
Optimized to loss metric = 6.748029708862305
Queried loss func 10003 times
Optimized to loss metric = 6.566257953643799
Queried loss func 10010 times
Optimized to loss metric = 5.200047969818115
Queried loss func 10000 times
Optimized to loss metric = 6.640929698944092
Queried loss func 10002 times
Optimized to loss metric = 4.87672233581543
Queried loss func 10004 times
Optimized to loss metric = 6.311750411987305
Queried loss func 10000 times
Optimized to loss metric = 5.481861114501953
Queried loss func 10000 times
Optimized to loss metric = 4.885096549987793
Queried loss func 10009 times
Optimized to loss metric = 5.827972412109375
Queried loss func 10009 times
Optimized to loss metric = 6.172808647155762
Queried loss func 10000 times
Optimized to loss metric = 6.423844337463379
Queried loss func 10000 times
Optimized to loss metric = 5.602346420288086
Queried loss func 10010 times
Average loss: 6.011840462684631
1.7276591150184388 with deviation 1.215433886642332
Calculations complete!
