Starting calculations...
Optimized to loss metric = 1.7763481140136719
Queried loss func 10009 times
Optimized to loss metric = 9.722959518432617
Queried loss func 10000 times
Optimized to loss metric = 2.2364587783813477
Queried loss func 10008 times
Optimized to loss metric = 13.977243423461914
Queried loss func 10008 times
Optimized to loss metric = 1.7769924402236938
Queried loss func 10000 times
Optimized to loss metric = 1.7687327861785889
Queried loss func 10001 times
Optimized to loss metric = 1.812191367149353
Queried loss func 10001 times
Optimized to loss metric = 13.176225662231445
Queried loss func 10008 times
Optimized to loss metric = 3.461212158203125
Queried loss func 10000 times
Optimized to loss metric = 1.8086814880371094
Queried loss func 10000 times
Optimized to loss metric = 1.984410047531128
Queried loss func 10000 times
Optimized to loss metric = 1.7782893180847168
Queried loss func 10001 times
Optimized to loss metric = 1.7859171628952026
Queried loss func 10001 times
Optimized to loss metric = 2.0591955184936523
Queried loss func 10001 times
Optimized to loss metric = 1.767408847808838
Queried loss func 10009 times
Optimized to loss metric = 1.8080722093582153
Queried loss func 10004 times
Optimized to loss metric = 1.7742809057235718
Queried loss func 10008 times
Optimized to loss metric = 4.609076023101807
Queried loss func 10008 times
Optimized to loss metric = 4.612321853637695
Queried loss func 10000 times
Optimized to loss metric = 11.366353988647461
Queried loss func 10003 times
Average loss: 4.253118580579757
0.8396060995693496 with deviation 1.435665655206287
Calculations complete!
