Starting calculations...
      ┌───┐               
q0_0: ┤ H ├──■────■────■──
      └───┘┌─┴─┐  │    │  
q0_1: ─────┤ X ├──┼────┼──
           └───┘┌─┴─┐  │  
q0_2: ──────────┤ X ├──┼──
                └───┘┌─┴─┐
q0_3: ───────────────┤ X ├
                     └───┘
Querying on d = 5
[d=5] Variational circuit:
      ┌───────┐┌───────┐     ┌───────┐┌───────┐                  ┌───────┐»
q3_0: ┤ Ry(0) ├┤ Rz(0) ├──■──┤ Ry(0) ├┤ Rz(0) ├─────────────■────┤ Ry(0) ├»
      ├───────┤├───────┤┌─┴─┐└───────┘├───────┤┌───────┐  ┌─┴─┐  └───────┘»
q3_1: ┤ Ry(0) ├┤ Rz(0) ├┤ X ├────■────┤ Ry(0) ├┤ Rz(0) ├──┤ X ├──────■────»
      ├───────┤├───────┤└───┘  ┌─┴─┐  └───────┘├───────┤┌─┴───┴─┐  ┌─┴─┐  »
q3_2: ┤ Ry(0) ├┤ Rz(0) ├───────┤ X ├──────■────┤ Ry(0) ├┤ Rz(0) ├──┤ X ├──»
      ├───────┤├───────┤       └───┘    ┌─┴─┐  ├───────┤├───────┤  └───┘  »
q3_3: ┤ Ry(0) ├┤ Rz(0) ├────────────────┤ X ├──┤ Ry(0) ├┤ Rz(0) ├─────────»
      └───────┘└───────┘                └───┘  └───────┘└───────┘         »
«      ┌───────┐                  ┌───────┐┌───────┐                  ┌───────┐»
«q3_0: ┤ Rz(0) ├─────────────■────┤ Ry(0) ├┤ Rz(0) ├─────────────■────┤ Ry(0) ├»
«      ├───────┤┌───────┐  ┌─┴─┐  └───────┘├───────┤┌───────┐  ┌─┴─┐  └───────┘»
«q3_1: ┤ Ry(0) ├┤ Rz(0) ├──┤ X ├──────■────┤ Ry(0) ├┤ Rz(0) ├──┤ X ├──────■────»
«      └───────┘├───────┤┌─┴───┴─┐  ┌─┴─┐  └───────┘├───────┤┌─┴───┴─┐  ┌─┴─┐  »
«q3_2: ────■────┤ Ry(0) ├┤ Rz(0) ├──┤ X ├──────■────┤ Ry(0) ├┤ Rz(0) ├──┤ X ├──»
«        ┌─┴─┐  ├───────┤├───────┤  └───┘    ┌─┴─┐  ├───────┤├───────┤  └───┘  »
«q3_3: ──┤ X ├──┤ Ry(0) ├┤ Rz(0) ├───────────┤ X ├──┤ Ry(0) ├┤ Rz(0) ├─────────»
«        └───┘  └───────┘└───────┘           └───┘  └───────┘└───────┘         »
«      ┌───────┐                  ┌───────┐┌───────┐┌──────────┐            »
«q3_0: ┤ Rz(0) ├─────────────■────┤ Ry(0) ├┤ Rz(0) ├┤ U(0,0,0) ├────────────»
«      ├───────┤┌───────┐  ┌─┴─┐  └───────┘├───────┤└┬───────┬─┘┌──────────┐»
«q3_1: ┤ Ry(0) ├┤ Rz(0) ├──┤ X ├──────■────┤ Ry(0) ├─┤ Rz(0) ├──┤ U(0,0,0) ├»
«      └───────┘├───────┤┌─┴───┴─┐  ┌─┴─┐  └───────┘ ├───────┤  └┬───────┬─┘»
«q3_2: ────■────┤ Ry(0) ├┤ Rz(0) ├──┤ X ├──────■─────┤ Ry(0) ├───┤ Rz(0) ├──»
«        ┌─┴─┐  ├───────┤├───────┤  └───┘    ┌─┴─┐   ├───────┤   ├───────┤  »
«q3_3: ──┤ X ├──┤ Ry(0) ├┤ Rz(0) ├───────────┤ X ├───┤ Ry(0) ├───┤ Rz(0) ├──»
«        └───┘  └───────┘└───────┘           └───┘   └───────┘   └───────┘  »
«                  
«q3_0: ────────────
«                  
«q3_1: ────────────
«      ┌──────────┐
«q3_2: ┤ U(0,0,0) ├
«      ├──────────┤
«q3_3: ┤ U(0,0,0) ├
«      └──────────┘
Optimized to loss metric = 1.5971278119475407e-12
Queried loss func 72733 times
Optimized to loss metric = 2.9054937709244166e-13
Queried loss func 48523 times
Optimized to loss metric = 3.720517004288798e-13
Queried loss func 59502 times
Optimized to loss metric = 2.4321065994481472e-12
Queried loss func 60447 times
Optimized to loss metric = 1.5655463308106993e-13
Queried loss func 66813 times
Optimized to loss metric = 9.81730972557382e-13
Queried loss func 68625 times
Optimized to loss metric = 2.3983413996106484e-13
Queried loss func 61499 times
Optimized to loss metric = 2.7773017718078774e-13
Queried loss func 62185 times
Optimized to loss metric = 9.500562229286524e-13
Queried loss func 59854 times
Optimized to loss metric = 3.4383471547369537e-13
Queried loss func 105983 times
[d=5] Median loss: 9.81730972557382e-13, stdev: 0.0
[d=5] Mean # queries: 68625.0, stdev: 0.0
Calculations complete!
