Starting calculations...
Optimized to loss metric = 1.7263143062591553
Queried loss func 10003 times
Optimized to loss metric = 2.510352611541748
Queried loss func 10000 times
Optimized to loss metric = 1.719712257385254
Queried loss func 10007 times
Optimized to loss metric = 6.291227340698242
Queried loss func 10001 times
Optimized to loss metric = 15.661970138549805
Queried loss func 10000 times
Optimized to loss metric = 2.0746631622314453
Queried loss func 10000 times
Optimized to loss metric = 10.788145065307617
Queried loss func 10006 times
Optimized to loss metric = 2.0964741706848145
Queried loss func 10010 times
Optimized to loss metric = 11.539571762084961
Queried loss func 10000 times
Optimized to loss metric = 1.720306634902954
Queried loss func 10008 times
Optimized to loss metric = 1.7290935516357422
Queried loss func 10010 times
Optimized to loss metric = 2.154263734817505
Queried loss func 10001 times
Optimized to loss metric = 3.21750545501709
Queried loss func 10002 times
Optimized to loss metric = 1.721813440322876
Queried loss func 10001 times
Optimized to loss metric = 2.4265050888061523
Queried loss func 10005 times
Optimized to loss metric = 2.088958263397217
Queried loss func 10000 times
Optimized to loss metric = 1.7200467586517334
Queried loss func 10005 times
Optimized to loss metric = 10.284358024597168
Queried loss func 10003 times
Optimized to loss metric = 1.7612777948379517
Queried loss func 10008 times
Optimized to loss metric = 1.7201428413391113
Queried loss func 10009 times
Average loss: 4.2476351201534275
0.72939885650092 with deviation 1.1854915389694303
Calculations complete!
