Starting calculations...
Optimized to loss metric = 1.7409940958023071
Queried loss func 10002 times
Optimized to loss metric = 1.7200655937194824
Queried loss func 10001 times
Optimized to loss metric = 1.7228636741638184
Queried loss func 10007 times
Optimized to loss metric = 1.7198843955993652
Queried loss func 10000 times
Optimized to loss metric = 1.7520580291748047
Queried loss func 10003 times
Optimized to loss metric = 1.8301787376403809
Queried loss func 10002 times
Optimized to loss metric = 12.643162727355957
Queried loss func 10008 times
Optimized to loss metric = 1.7265286445617676
Queried loss func 10009 times
Optimized to loss metric = 1.8081777095794678
Queried loss func 10000 times
Optimized to loss metric = 1.8984053134918213
Queried loss func 10007 times
Optimized to loss metric = 1.838912010192871
Queried loss func 10006 times
Optimized to loss metric = 1.7237699031829834
Queried loss func 10008 times
Optimized to loss metric = 1.7205297946929932
Queried loss func 10010 times
Optimized to loss metric = 1.8309874534606934
Queried loss func 10000 times
Optimized to loss metric = 1.720527172088623
Queried loss func 10002 times
Optimized to loss metric = 1.7222075462341309
Queried loss func 10002 times
Optimized to loss metric = 2.536404609680176
Queried loss func 10004 times
Optimized to loss metric = 1.7874078750610352
Queried loss func 10007 times
Optimized to loss metric = 1.816845417022705
Queried loss func 10006 times
Optimized to loss metric = 4.125886917114258
Queried loss func 10008 times
Average loss: 2.4692898809909822
0.2299264620355376 with deviation 0.7199102230821178
Calculations complete!
