Starting calculations...
Optimized to loss metric = 7.00594425201416
Queried loss func 10005 times
Optimized to loss metric = 7.716274738311768
Queried loss func 10001 times
Optimized to loss metric = 3.218923330307007
Queried loss func 10010 times
Optimized to loss metric = 5.8285346031188965
Queried loss func 10002 times
Optimized to loss metric = 6.720212936401367
Queried loss func 10005 times
Optimized to loss metric = 4.237995624542236
Queried loss func 10000 times
Optimized to loss metric = 7.208869934082031
Queried loss func 10000 times
Optimized to loss metric = 5.680753707885742
Queried loss func 10000 times
Optimized to loss metric = 3.14882230758667
Queried loss func 10004 times
Optimized to loss metric = 7.268436431884766
Queried loss func 10005 times
Optimized to loss metric = 4.532345771789551
Queried loss func 10006 times
Optimized to loss metric = 4.00032901763916
Queried loss func 10002 times
Optimized to loss metric = 3.1139142513275146
Queried loss func 10008 times
Optimized to loss metric = 6.621830463409424
Queried loss func 10000 times
Optimized to loss metric = 5.323916435241699
Queried loss func 10008 times
Optimized to loss metric = 4.958723068237305
Queried loss func 10008 times
Optimized to loss metric = 8.186930656433105
Queried loss func 10004 times
Optimized to loss metric = 8.39999008178711
Queried loss func 10000 times
Optimized to loss metric = 3.300734758377075
Queried loss func 10008 times
Optimized to loss metric = 6.2269792556762695
Queried loss func 10000 times
Average loss: 5.635023081302643
1.438919533322891 with deviation 1.3695014050035639
Calculations complete!
