Starting calculations...
Optimized to loss metric = 1.7355244159698486
Queried loss func 10008 times
Optimized to loss metric = 9.378063201904297
Queried loss func 10004 times
Optimized to loss metric = 7.624408721923828
Queried loss func 10005 times
Optimized to loss metric = 1.720646619796753
Queried loss func 10000 times
Optimized to loss metric = 1.7923104763031006
Queried loss func 10009 times
Optimized to loss metric = 1.7205770015716553
Queried loss func 10005 times
Optimized to loss metric = 2.740478038787842
Queried loss func 10001 times
Optimized to loss metric = 1.7254219055175781
Queried loss func 10001 times
Optimized to loss metric = 1.7283518314361572
Queried loss func 10006 times
Optimized to loss metric = 1.7196545600891113
Queried loss func 10004 times
Optimized to loss metric = 2.007816791534424
Queried loss func 10001 times
Optimized to loss metric = 3.231684446334839
Queried loss func 10000 times
Optimized to loss metric = 1.7203450202941895
Queried loss func 10006 times
Optimized to loss metric = 1.7257710695266724
Queried loss func 10000 times
Optimized to loss metric = 1.740719199180603
Queried loss func 10002 times
Optimized to loss metric = 1.7611470222473145
Queried loss func 10001 times
Optimized to loss metric = 1.795125961303711
Queried loss func 10009 times
Optimized to loss metric = 4.117613792419434
Queried loss func 10004 times
Optimized to loss metric = 1.7210640907287598
Queried loss func 10003 times
Optimized to loss metric = 1.720142126083374
Queried loss func 10001 times
Average loss: 2.6713433146476744
0.2702764390661833 with deviation 0.5662833252574363
Calculations complete!
