Starting calculations...
Optimized to loss metric = 4.358419418334961
Queried loss func 10007 times
Optimized to loss metric = 2.5194172859191895
Queried loss func 10009 times
Optimized to loss metric = 4.730119228363037
Queried loss func 10005 times
Optimized to loss metric = 2.517359733581543
Queried loss func 10007 times
Optimized to loss metric = 2.569566011428833
Queried loss func 10000 times
Optimized to loss metric = 3.2643113136291504
Queried loss func 10002 times
Optimized to loss metric = 2.8501086235046387
Queried loss func 10008 times
Optimized to loss metric = 5.6910786628723145
Queried loss func 10000 times
Optimized to loss metric = 6.896018028259277
Queried loss func 10010 times
Optimized to loss metric = 3.8268814086914062
Queried loss func 10009 times
Optimized to loss metric = 2.606966018676758
Queried loss func 10000 times
Optimized to loss metric = 5.4913649559021
Queried loss func 10000 times
Optimized to loss metric = 3.2554707527160645
Queried loss func 10000 times
Optimized to loss metric = 3.967374324798584
Queried loss func 10008 times
Optimized to loss metric = 8.417854309082031
Queried loss func 10000 times
Optimized to loss metric = 7.7027082443237305
Queried loss func 10000 times
Optimized to loss metric = 5.567526340484619
Queried loss func 10001 times
Optimized to loss metric = 2.773247241973877
Queried loss func 10009 times
Optimized to loss metric = 6.289884567260742
Queried loss func 10000 times
Optimized to loss metric = 2.525383949279785
Queried loss func 10000 times
Average loss: 4.391053020954132
0.7260233253735017 with deviation 0.7950888160115601
Calculations complete!
