Starting calculations...
Optimized to loss metric = 1.8560539484024048
Queried loss func 10007 times
Optimized to loss metric = 1.8594450950622559
Queried loss func 10000 times
Optimized to loss metric = 1.854232907295227
Queried loss func 10005 times
Optimized to loss metric = 1.8512706756591797
Queried loss func 10000 times
Optimized to loss metric = 2.352202892303467
Queried loss func 10004 times
Optimized to loss metric = 2.223360300064087
Queried loss func 10001 times
Optimized to loss metric = 1.858407974243164
Queried loss func 10000 times
Optimized to loss metric = 1.872847080230713
Queried loss func 10000 times
Optimized to loss metric = 2.4310569763183594
Queried loss func 10003 times
Optimized to loss metric = 4.2961835861206055
Queried loss func 10000 times
Optimized to loss metric = 2.183750629425049
Queried loss func 10003 times
Optimized to loss metric = 1.8494874238967896
Queried loss func 10006 times
Optimized to loss metric = 2.608426094055176
Queried loss func 10009 times
Optimized to loss metric = 1.859053373336792
Queried loss func 10004 times
Optimized to loss metric = 1.912186861038208
Queried loss func 10005 times
Optimized to loss metric = 2.102322578430176
Queried loss func 10002 times
Optimized to loss metric = 10.601678848266602
Queried loss func 10007 times
Optimized to loss metric = 9.981653213500977
Queried loss func 10000 times
Optimized to loss metric = 1.8712375164031982
Queried loss func 10002 times
Optimized to loss metric = 1.8683621883392334
Queried loss func 10009 times
Average loss: 2.964661008119583
0.4710606309033375 with deviation 1.1514228905668589
Calculations complete!
