Starting calculations...
Optimized to loss metric = 1.752668023109436
Queried loss func 10001 times
Optimized to loss metric = 8.29306411743164
Queried loss func 10001 times
Optimized to loss metric = 10.800259590148926
Queried loss func 10000 times
Optimized to loss metric = 1.7586556673049927
Queried loss func 10008 times
Optimized to loss metric = 7.090880393981934
Queried loss func 10000 times
Optimized to loss metric = 4.99512243270874
Queried loss func 10000 times
Optimized to loss metric = 11.203649520874023
Queried loss func 10008 times
Optimized to loss metric = 3.768205165863037
Queried loss func 10004 times
Optimized to loss metric = 3.112480878829956
Queried loss func 10002 times
Optimized to loss metric = 1.7526185512542725
Queried loss func 10008 times
Optimized to loss metric = 4.204209327697754
Queried loss func 10003 times
Optimized to loss metric = 5.201699256896973
Queried loss func 10005 times
Optimized to loss metric = 13.137903213500977
Queried loss func 10009 times
Optimized to loss metric = 15.38833999633789
Queried loss func 10000 times
Optimized to loss metric = 1.9818588495254517
Queried loss func 10001 times
Optimized to loss metric = 1.754544734954834
Queried loss func 10002 times
Optimized to loss metric = 2.3761143684387207
Queried loss func 10009 times
Optimized to loss metric = 1.7571074962615967
Queried loss func 10001 times
Optimized to loss metric = 4.836433410644531
Queried loss func 10001 times
Optimized to loss metric = 1.7758769989013672
Queried loss func 10000 times
Average loss: 5.3470845997333525
1.2227500833085725 with deviation 1.617824283203867
Calculations complete!
