Starting calculations...
Optimized to loss metric = 1.7199525833129883
Queried loss func 10006 times
Optimized to loss metric = 12.348392486572266
Queried loss func 10000 times
Optimized to loss metric = 1.7436189651489258
Queried loss func 10008 times
Optimized to loss metric = 1.7197582721710205
Queried loss func 10005 times
Optimized to loss metric = 1.719994068145752
Queried loss func 10000 times
Optimized to loss metric = 2.139326572418213
Queried loss func 10008 times
Optimized to loss metric = 1.7956688404083252
Queried loss func 10005 times
Optimized to loss metric = 1.72150456905365
Queried loss func 10009 times
Optimized to loss metric = 1.7750399112701416
Queried loss func 10009 times
Optimized to loss metric = 1.7216942310333252
Queried loss func 10001 times
Optimized to loss metric = 1.8153460025787354
Queried loss func 10000 times
Optimized to loss metric = 1.7376635074615479
Queried loss func 10008 times
Optimized to loss metric = 1.8176324367523193
Queried loss func 10001 times
Optimized to loss metric = 3.6136691570281982
Queried loss func 10000 times
Optimized to loss metric = 1.7209439277648926
Queried loss func 10000 times
Optimized to loss metric = 12.286547660827637
Queried loss func 10000 times
Optimized to loss metric = 1.7813043594360352
Queried loss func 10003 times
Optimized to loss metric = 1.720226764678955
Queried loss func 10000 times
Optimized to loss metric = 9.474525451660156
Queried loss func 10004 times
Optimized to loss metric = 1.9100353717803955
Queried loss func 10004 times
Average loss: 3.314142256975174
0.45805312219715705 with deviation 0.97689466779789
Calculations complete!
