Starting calculations...
Optimized to loss metric = 1.789597749710083
Queried loss func 10004 times
Optimized to loss metric = 1.872841238975525
Queried loss func 10002 times
Optimized to loss metric = 1.7213354110717773
Queried loss func 10001 times
Optimized to loss metric = 1.7345772981643677
Queried loss func 10002 times
Optimized to loss metric = 1.71999192237854
Queried loss func 10005 times
Optimized to loss metric = 1.9540293216705322
Queried loss func 10008 times
Optimized to loss metric = 1.7249364852905273
Queried loss func 10008 times
Optimized to loss metric = 1.7289743423461914
Queried loss func 10006 times
Optimized to loss metric = 1.7262651920318604
Queried loss func 10009 times
Optimized to loss metric = 1.72129487991333
Queried loss func 10004 times
Optimized to loss metric = 1.7259373664855957
Queried loss func 10007 times
Optimized to loss metric = 1.7212574481964111
Queried loss func 10007 times
Optimized to loss metric = 7.8625688552856445
Queried loss func 10000 times
Optimized to loss metric = 2.3112547397613525
Queried loss func 10000 times
Optimized to loss metric = 7.25685977935791
Queried loss func 10001 times
Optimized to loss metric = 2.1547672748565674
Queried loss func 10007 times
Optimized to loss metric = 1.7196145057678223
Queried loss func 10000 times
Optimized to loss metric = 1.811389684677124
Queried loss func 10001 times
Optimized to loss metric = 2.451415538787842
Queried loss func 10006 times
Optimized to loss metric = 1.789305567741394
Queried loss func 10008 times
Average loss: 2.42491073012352
0.20752548080588923 with deviation 0.4870771121397673
Calculations complete!
