Starting calculations...
Running on the CPU
Ground state norm: 1.0
Querying on d = 5
[d=5] Variational circuit:
      ┌───────┐┌───────┐     ┌───────┐┌───────┐                  ┌───────┐»
q2_0: ┤ Ry(0) ├┤ Rz(0) ├──■──┤ Ry(0) ├┤ Rz(0) ├─────────────■────┤ Ry(0) ├»
      ├───────┤├───────┤┌─┴─┐└───────┘├───────┤┌───────┐  ┌─┴─┐  └───────┘»
q2_1: ┤ Ry(0) ├┤ Rz(0) ├┤ X ├────■────┤ Ry(0) ├┤ Rz(0) ├──┤ X ├──────■────»
      ├───────┤├───────┤└───┘  ┌─┴─┐  └───────┘├───────┤┌─┴───┴─┐  ┌─┴─┐  »
q2_2: ┤ Ry(0) ├┤ Rz(0) ├───────┤ X ├──────■────┤ Ry(0) ├┤ Rz(0) ├──┤ X ├──»
      ├───────┤├───────┤       └───┘    ┌─┴─┐  └───────┘├───────┤┌─┴───┴─┐»
q2_3: ┤ Ry(0) ├┤ Rz(0) ├────────────────┤ X ├──────■────┤ Ry(0) ├┤ Rz(0) ├»
      ├───────┤├───────┤                └───┘    ┌─┴─┐  ├───────┤├───────┤»
q2_4: ┤ Ry(0) ├┤ Rz(0) ├─────────────────────────┤ X ├──┤ Ry(0) ├┤ Rz(0) ├»
      └───────┘└───────┘                         └───┘  └───────┘└───────┘»
«      ┌───────┐                  ┌───────┐┌───────┐                  ┌───────┐»
«q2_0: ┤ Rz(0) ├─────────────■────┤ Ry(0) ├┤ Rz(0) ├─────────────■────┤ Ry(0) ├»
«      ├───────┤┌───────┐  ┌─┴─┐  └───────┘├───────┤┌───────┐  ┌─┴─┐  └───────┘»
«q2_1: ┤ Ry(0) ├┤ Rz(0) ├──┤ X ├──────■────┤ Ry(0) ├┤ Rz(0) ├──┤ X ├──────■────»
«      └───────┘├───────┤┌─┴───┴─┐  ┌─┴─┐  └───────┘├───────┤┌─┴───┴─┐  ┌─┴─┐  »
«q2_2: ────■────┤ Ry(0) ├┤ Rz(0) ├──┤ X ├──────■────┤ Ry(0) ├┤ Rz(0) ├──┤ X ├──»
«        ┌─┴─┐  └───────┘├───────┤┌─┴───┴─┐  ┌─┴─┐  └───────┘├───────┤┌─┴───┴─┐»
«q2_3: ──┤ X ├──────■────┤ Ry(0) ├┤ Rz(0) ├──┤ X ├──────■────┤ Ry(0) ├┤ Rz(0) ├»
«        └───┘    ┌─┴─┐  ├───────┤├───────┤  └───┘    ┌─┴─┐  ├───────┤├───────┤»
«q2_4: ───────────┤ X ├──┤ Ry(0) ├┤ Rz(0) ├───────────┤ X ├──┤ Ry(0) ├┤ Rz(0) ├»
«                 └───┘  └───────┘└───────┘           └───┘  └───────┘└───────┘»
«      ┌───────┐                  ┌───────┐┌───────┐┌─────────────┐»
«q2_0: ┤ Rz(0) ├─────────────■────┤ Ry(0) ├┤ Rz(0) ├┤ U(-π/2,0,0) ├»
«      ├───────┤┌───────┐  ┌─┴─┐  └───────┘├───────┤└──┬───────┬──┘»
«q2_1: ┤ Ry(0) ├┤ Rz(0) ├──┤ X ├──────■────┤ Ry(0) ├───┤ Rz(0) ├───»
«      └───────┘├───────┤┌─┴───┴─┐  ┌─┴─┐  └───────┘   ├───────┤   »
«q2_2: ────■────┤ Ry(0) ├┤ Rz(0) ├──┤ X ├──────■───────┤ Ry(0) ├───»
«        ┌─┴─┐  └───────┘├───────┤┌─┴───┴─┐  ┌─┴─┐     └───────┘   »
«q2_3: ──┤ X ├──────■────┤ Ry(0) ├┤ Rz(0) ├──┤ X ├─────────■───────»
«        └───┘    ┌─┴─┐  ├───────┤├───────┤  └───┘       ┌─┴─┐     »
«q2_4: ───────────┤ X ├──┤ Ry(0) ├┤ Rz(0) ├──────────────┤ X ├─────»
«                 └───┘  └───────┘└───────┘              └───┘     »
«                                                   
«q2_0: ─────────────────────────────────────────────
«      ┌─────────────┐                              
«q2_1: ┤ U(-π/2,0,0) ├──────────────────────────────
«      └──┬───────┬──┘┌─────────────┐               
«q2_2: ───┤ Rz(0) ├───┤ U(-π/2,0,0) ├───────────────
«         ├───────┤   └──┬───────┬──┘┌─────────────┐
«q2_3: ───┤ Ry(0) ├──────┤ Rz(0) ├───┤ U(-π/2,0,0) ├
«         ├───────┤      ├───────┤   ├─────────────┤
«q2_4: ───┤ Ry(0) ├──────┤ Rz(0) ├───┤ U(-π/2,0,0) ├
«         └───────┘      └───────┘   └─────────────┘
Optimized to loss metric = 2.0401748770382255e-05
Queried loss func 2213399 times
Calculations complete!
