Starting calculations...
Optimized to loss metric = 1.7203333377838135
Queried loss func 10002 times
Optimized to loss metric = 1.7198972702026367
Queried loss func 10001 times
Optimized to loss metric = 7.015463829040527
Queried loss func 10000 times
Optimized to loss metric = 1.7634836435317993
Queried loss func 10001 times
Optimized to loss metric = 1.9129550457000732
Queried loss func 10006 times
Optimized to loss metric = 1.719663143157959
Queried loss func 10004 times
Optimized to loss metric = 1.8594297170639038
Queried loss func 10006 times
Optimized to loss metric = 1.719670057296753
Queried loss func 10000 times
Optimized to loss metric = 3.8770551681518555
Queried loss func 10000 times
Optimized to loss metric = 1.925934076309204
Queried loss func 10000 times
Optimized to loss metric = 1.725780725479126
Queried loss func 10007 times
Optimized to loss metric = 1.7255080938339233
Queried loss func 10001 times
Optimized to loss metric = 1.7619342803955078
Queried loss func 10001 times
Optimized to loss metric = 1.9406155347824097
Queried loss func 10005 times
Optimized to loss metric = 1.7199714183807373
Queried loss func 10000 times
Optimized to loss metric = 2.914785385131836
Queried loss func 10000 times
Optimized to loss metric = 2.014531135559082
Queried loss func 10000 times
Optimized to loss metric = 1.9072399139404297
Queried loss func 10008 times
Optimized to loss metric = 9.92200756072998
Queried loss func 10005 times
Optimized to loss metric = 1.7210659980773926
Queried loss func 10009 times
Average loss: 2.6293662667274473
0.26341136210326066 with deviation 0.575976399403534
Calculations complete!
