Starting calculations...
Optimized to loss metric = 1.7419872283935547
Queried loss func 10010 times
Optimized to loss metric = 2.524235963821411
Queried loss func 10003 times
Optimized to loss metric = 15.548065185546875
Queried loss func 10000 times
Optimized to loss metric = 2.987241268157959
Queried loss func 10005 times
Optimized to loss metric = 1.7276854515075684
Queried loss func 10001 times
Optimized to loss metric = 1.7296844720840454
Queried loss func 10001 times
Optimized to loss metric = 1.7258195877075195
Queried loss func 10009 times
Optimized to loss metric = 1.7236177921295166
Queried loss func 10006 times
Optimized to loss metric = 1.7360178232192993
Queried loss func 10005 times
Optimized to loss metric = 1.7403078079223633
Queried loss func 10004 times
Optimized to loss metric = 1.7214043140411377
Queried loss func 10000 times
Optimized to loss metric = 1.7213778495788574
Queried loss func 10005 times
Optimized to loss metric = 1.7280970811843872
Queried loss func 10000 times
Optimized to loss metric = 6.699698448181152
Queried loss func 10000 times
Optimized to loss metric = 2.454946756362915
Queried loss func 10001 times
Optimized to loss metric = 1.7284108400344849
Queried loss func 10000 times
Optimized to loss metric = 7.9638671875
Queried loss func 10000 times
Optimized to loss metric = 1.7282291650772095
Queried loss func 10000 times
Optimized to loss metric = 1.7213444709777832
Queried loss func 10000 times
Optimized to loss metric = 1.7207896709442139
Queried loss func 10000 times
Average loss: 3.118641418218613
0.4091515291992957 with deviation 0.9763775676799006
Calculations complete!
