Starting calculations...
Optimized to loss metric = 1.7451364994049072
Queried loss func 10005 times
Optimized to loss metric = 2.7691307067871094
Queried loss func 10008 times
Optimized to loss metric = 1.7579143047332764
Queried loss func 10000 times
Optimized to loss metric = 1.727002501487732
Queried loss func 10001 times
Optimized to loss metric = 2.138845443725586
Queried loss func 10001 times
Optimized to loss metric = 1.727879524230957
Queried loss func 10000 times
Optimized to loss metric = 1.7546701431274414
Queried loss func 10008 times
Optimized to loss metric = 7.317175388336182
Queried loss func 10008 times
Optimized to loss metric = 1.7678178548812866
Queried loss func 10004 times
Optimized to loss metric = 16.600574493408203
Queried loss func 10001 times
Optimized to loss metric = 1.7195584774017334
Queried loss func 10002 times
Optimized to loss metric = 1.8056623935699463
Queried loss func 10001 times
Optimized to loss metric = 2.846877098083496
Queried loss func 10004 times
Optimized to loss metric = 2.2598299980163574
Queried loss func 10001 times
Optimized to loss metric = 1.8749637603759766
Queried loss func 10008 times
Optimized to loss metric = 11.926109313964844
Queried loss func 10005 times
Optimized to loss metric = 9.441823959350586
Queried loss func 10008 times
Optimized to loss metric = 1.7584457397460938
Queried loss func 10005 times
Optimized to loss metric = 1.7206597328186035
Queried loss func 10010 times
Optimized to loss metric = 4.744921684265137
Queried loss func 10000 times
Average loss: 3.9702499508857727
0.6501702980910029 with deviation 1.165925277869071
Calculations complete!
