Starting calculations...
Optimized to loss metric = 8.488420486450195
Queried loss func 10007 times
Optimized to loss metric = 2.165916919708252
Queried loss func 10003 times
Optimized to loss metric = 3.4953861236572266
Queried loss func 10005 times
Optimized to loss metric = 2.967801094055176
Queried loss func 10000 times
Optimized to loss metric = 2.185311794281006
Queried loss func 10009 times
Optimized to loss metric = 8.575027465820312
Queried loss func 10008 times
Optimized to loss metric = 2.383962869644165
Queried loss func 10005 times
Optimized to loss metric = 2.183213472366333
Queried loss func 10006 times
Optimized to loss metric = 2.1524667739868164
Queried loss func 10002 times
Optimized to loss metric = 2.938742160797119
Queried loss func 10000 times
Optimized to loss metric = 8.728568077087402
Queried loss func 10000 times
Optimized to loss metric = 4.202144145965576
Queried loss func 10007 times
Optimized to loss metric = 5.369907855987549
Queried loss func 10004 times
Optimized to loss metric = 2.1962215900421143
Queried loss func 10009 times
Optimized to loss metric = 8.780725479125977
Queried loss func 10000 times
Optimized to loss metric = 10.160011291503906
Queried loss func 10000 times
Optimized to loss metric = 6.760894298553467
Queried loss func 10005 times
Optimized to loss metric = 2.226778507232666
Queried loss func 10000 times
Optimized to loss metric = 8.821667671203613
Queried loss func 10000 times
Optimized to loss metric = 4.453666687011719
Queried loss func 10003 times
Average loss: 4.961841738224029
1.1163356548481729 with deviation 1.2571636593280582
Calculations complete!
