Starting calculations...
Optimized to loss metric = 6.409399032592773
Queried loss func 10010 times
Optimized to loss metric = 6.477306842803955
Queried loss func 10006 times
Optimized to loss metric = 5.936875343322754
Queried loss func 10002 times
Optimized to loss metric = 6.442868232727051
Queried loss func 10001 times
Optimized to loss metric = 5.735138893127441
Queried loss func 10001 times
Optimized to loss metric = 5.057707786560059
Queried loss func 10000 times
Optimized to loss metric = 5.483057975769043
Queried loss func 10000 times
Optimized to loss metric = 6.533700942993164
Queried loss func 10001 times
Optimized to loss metric = 6.438043594360352
Queried loss func 10005 times
Optimized to loss metric = 5.954882621765137
Queried loss func 10000 times
Optimized to loss metric = 5.464685440063477
Queried loss func 10004 times
Optimized to loss metric = 5.260809421539307
Queried loss func 10001 times
Optimized to loss metric = 5.627927303314209
Queried loss func 10003 times
Optimized to loss metric = 6.382967948913574
Queried loss func 10009 times
Optimized to loss metric = 6.409994125366211
Queried loss func 10001 times
Optimized to loss metric = 3.975029468536377
Queried loss func 10010 times
Optimized to loss metric = 6.954028606414795
Queried loss func 10000 times
Optimized to loss metric = 6.658273696899414
Queried loss func 10000 times
Optimized to loss metric = 7.0274224281311035
Queried loss func 10005 times
Optimized to loss metric = 3.866978168487549
Queried loss func 10000 times
Average loss: 5.904854893684387
1.5036640996194566 with deviation 0.9581051452835301
Calculations complete!
