Starting calculations...
Optimized to loss metric = 1.8042628765106201
Queried loss func 10001 times
Optimized to loss metric = 1.7195823192596436
Queried loss func 10001 times
Optimized to loss metric = 4.156113624572754
Queried loss func 10005 times
Optimized to loss metric = 1.7254438400268555
Queried loss func 10000 times
Optimized to loss metric = 15.62411880493164
Queried loss func 10000 times
Optimized to loss metric = 1.7196850776672363
Queried loss func 10000 times
Optimized to loss metric = 1.775017499923706
Queried loss func 10000 times
Optimized to loss metric = 1.9772422313690186
Queried loss func 10003 times
Optimized to loss metric = 1.8026025295257568
Queried loss func 10000 times
Optimized to loss metric = 1.7881584167480469
Queried loss func 10000 times
Optimized to loss metric = 1.7203607559204102
Queried loss func 10005 times
Optimized to loss metric = 1.7348246574401855
Queried loss func 10000 times
Optimized to loss metric = 1.9057033061981201
Queried loss func 10003 times
Optimized to loss metric = 1.7446072101593018
Queried loss func 10008 times
Optimized to loss metric = 1.9162811040878296
Queried loss func 10003 times
Optimized to loss metric = 1.7242937088012695
Queried loss func 10000 times
Optimized to loss metric = 12.31657600402832
Queried loss func 10008 times
Optimized to loss metric = 2.001371383666992
Queried loss func 10000 times
Optimized to loss metric = 1.7202823162078857
Queried loss func 10000 times
Optimized to loss metric = 1.7355670928955078
Queried loss func 10000 times
Average loss: 3.130604737997055
0.43718075353075514 with deviation 1.1302153766607355
Calculations complete!
