Starting calculations...
Optimized to loss metric = 12.144906044006348
Queried loss func 10008 times
Optimized to loss metric = 1.9821476936340332
Queried loss func 10000 times
Optimized to loss metric = 1.7199854850769043
Queried loss func 10002 times
Optimized to loss metric = 1.8499144315719604
Queried loss func 10000 times
Optimized to loss metric = 1.7381954193115234
Queried loss func 10001 times
Optimized to loss metric = 11.077924728393555
Queried loss func 10000 times
Optimized to loss metric = 16.995864868164062
Queried loss func 10005 times
Optimized to loss metric = 5.845562934875488
Queried loss func 10002 times
Optimized to loss metric = 12.209514617919922
Queried loss func 10000 times
Optimized to loss metric = 1.7214252948760986
Queried loss func 10003 times
Optimized to loss metric = 1.720123052597046
Queried loss func 10000 times
Optimized to loss metric = 7.692829132080078
Queried loss func 10000 times
Optimized to loss metric = 3.294799327850342
Queried loss func 10006 times
Optimized to loss metric = 2.0936965942382812
Queried loss func 10001 times
Optimized to loss metric = 1.7200255393981934
Queried loss func 10008 times
Optimized to loss metric = 1.7243928909301758
Queried loss func 10010 times
Optimized to loss metric = 4.711124420166016
Queried loss func 10001 times
Optimized to loss metric = 5.202055931091309
Queried loss func 10002 times
Optimized to loss metric = 1.741481065750122
Queried loss func 10000 times
Optimized to loss metric = 1.7863569259643555
Queried loss func 10000 times
Average loss: 4.948616319894791
0.9476545725405335 with deviation 1.327625350050926
Calculations complete!
