Starting calculations...
Optimized to loss metric = 2.0698306560516357
Queried loss func 10002 times
Optimized to loss metric = 1.7245595455169678
Queried loss func 10000 times
Optimized to loss metric = 1.7279314994812012
Queried loss func 10003 times
Optimized to loss metric = 1.7202906608581543
Queried loss func 10001 times
Optimized to loss metric = 1.720073938369751
Queried loss func 10009 times
Optimized to loss metric = 1.8118146657943726
Queried loss func 10010 times
Optimized to loss metric = 2.3870339393615723
Queried loss func 10001 times
Optimized to loss metric = 9.072450637817383
Queried loss func 10009 times
Optimized to loss metric = 11.78127670288086
Queried loss func 10000 times
Optimized to loss metric = 2.8746886253356934
Queried loss func 10004 times
Optimized to loss metric = 15.45949935913086
Queried loss func 10010 times
Optimized to loss metric = 1.7271358966827393
Queried loss func 10009 times
Optimized to loss metric = 1.796865463256836
Queried loss func 10001 times
Optimized to loss metric = 1.7244153022766113
Queried loss func 10007 times
Optimized to loss metric = 1.7644648551940918
Queried loss func 10006 times
Optimized to loss metric = 1.7934589385986328
Queried loss func 10000 times
Optimized to loss metric = 10.285987854003906
Queried loss func 10004 times
Optimized to loss metric = 2.043100357055664
Queried loss func 10006 times
Optimized to loss metric = 2.4882724285125732
Queried loss func 10000 times
Optimized to loss metric = 2.0587995052337646
Queried loss func 10003 times
Average loss: 3.9015975415706636
0.6332935655287184 with deviation 1.1601692947014752
Calculations complete!
