Starting calculations...
Optimized to loss metric = 3.3055920600891113
Queried loss func 10001 times
Optimized to loss metric = 2.8015332221984863
Queried loss func 10000 times
Optimized to loss metric = 2.9351601600646973
Queried loss func 10001 times
Optimized to loss metric = 2.770408868789673
Queried loss func 10000 times
Optimized to loss metric = 8.384357452392578
Queried loss func 10000 times
Optimized to loss metric = 6.975408554077148
Queried loss func 10001 times
Optimized to loss metric = 2.8698623180389404
Queried loss func 10003 times
Optimized to loss metric = 7.280157566070557
Queried loss func 10005 times
Optimized to loss metric = 7.59311580657959
Queried loss func 10000 times
Optimized to loss metric = 5.3893280029296875
Queried loss func 10000 times
Optimized to loss metric = 5.6540327072143555
Queried loss func 10000 times
Optimized to loss metric = 2.732604742050171
Queried loss func 10009 times
Optimized to loss metric = 7.410523414611816
Queried loss func 10005 times
Optimized to loss metric = 6.773758411407471
Queried loss func 10001 times
Optimized to loss metric = 4.637347221374512
Queried loss func 10001 times
Optimized to loss metric = 2.7639834880828857
Queried loss func 10000 times
Optimized to loss metric = 8.056974411010742
Queried loss func 10007 times
Optimized to loss metric = 3.149076223373413
Queried loss func 10001 times
Optimized to loss metric = 5.542433738708496
Queried loss func 10000 times
Optimized to loss metric = 4.164463996887207
Queried loss func 10000 times
Average loss: 5.059506118297577
1.0670241252897243 with deviation 1.0609606855153502
Calculations complete!
