Starting calculations...
Running on the CPU
Ground state norm: 1.0
Querying on d = 3
[d=3] Variational circuit:
      ┌───────┐┌───────┐     ┌───────┐┌───────┐                  ┌───────┐»
q2_0: ┤ Ry(0) ├┤ Rz(0) ├──■──┤ Ry(0) ├┤ Rz(0) ├─────────────■────┤ Ry(0) ├»
      ├───────┤├───────┤┌─┴─┐└───────┘├───────┤┌───────┐  ┌─┴─┐  └───────┘»
q2_1: ┤ Ry(0) ├┤ Rz(0) ├┤ X ├────■────┤ Ry(0) ├┤ Rz(0) ├──┤ X ├──────■────»
      ├───────┤├───────┤└───┘  ┌─┴─┐  └───────┘├───────┤┌─┴───┴─┐  ┌─┴─┐  »
q2_2: ┤ Ry(0) ├┤ Rz(0) ├───────┤ X ├──────■────┤ Ry(0) ├┤ Rz(0) ├──┤ X ├──»
      ├───────┤├───────┤       └───┘    ┌─┴─┐  ├───────┤├───────┤  └───┘  »
q2_3: ┤ Ry(0) ├┤ Rz(0) ├────────────────┤ X ├──┤ Ry(0) ├┤ Rz(0) ├─────────»
      └───────┘└───────┘                └───┘  └───────┘└───────┘         »
«      ┌───────┐                  ┌───────┐┌───────┐┌─────────────┐»
«q2_0: ┤ Rz(0) ├─────────────■────┤ Ry(0) ├┤ Rz(0) ├┤ U(-π/2,0,0) ├»
«      ├───────┤┌───────┐  ┌─┴─┐  └───────┘├───────┤└──┬───────┬──┘»
«q2_1: ┤ Ry(0) ├┤ Rz(0) ├──┤ X ├──────■────┤ Ry(0) ├───┤ Rz(0) ├───»
«      └───────┘├───────┤┌─┴───┴─┐  ┌─┴─┐  └───────┘   ├───────┤   »
«q2_2: ────■────┤ Ry(0) ├┤ Rz(0) ├──┤ X ├──────■───────┤ Ry(0) ├───»
«        ┌─┴─┐  ├───────┤├───────┤  └───┘    ┌─┴─┐     ├───────┤   »
«q2_3: ──┤ X ├──┤ Ry(0) ├┤ Rz(0) ├───────────┤ X ├─────┤ Ry(0) ├───»
«        └───┘  └───────┘└───────┘           └───┘     └───────┘   »
«                                    
«q2_0: ──────────────────────────────
«      ┌─────────────┐               
«q2_1: ┤ U(-π/2,0,0) ├───────────────
«      └──┬───────┬──┘┌─────────────┐
«q2_2: ───┤ Rz(0) ├───┤ U(-π/2,0,0) ├
«         ├───────┤   ├─────────────┤
«q2_3: ───┤ Rz(0) ├───┤ U(-π/2,0,0) ├
«         └───────┘   └─────────────┘
Optimized to loss metric = 5.979542815753858e-12
Queried loss func 880676 times
Optimized to loss metric = 0.000285791204078123
Queried loss func 306129 times
Optimized to loss metric = 6.517621186676037e-13
Queried loss func 243832 times
Optimized to loss metric = 1.5833601096915118e-10
Queried loss func 735334 times
Optimized to loss metric = 0.00020332614076323807
Queried loss func 176129 times
Optimized to loss metric = 2.524060801079031e-05
Queried loss func 246472 times
Optimized to loss metric = 3.577325610217008e-13
Queried loss func 551230 times
Optimized to loss metric = 0.00023335586593020707
Queried loss func 424706 times
Optimized to loss metric = 0.00020468638103920966
Queried loss func 241783 times
Optimized to loss metric = 1.2751003031219454e-10
Queried loss func 266318 times
[d=3] Median loss: 1.5833601096915118e-10, stdev: 0.0
[d=3] Mean # queries: 735334.0, stdev: 0.0
Calculations complete!
