Starting calculations...
Running on the CPU
Ground state norm: 1.0
Querying on d = 4
[d=4] Variational circuit:
      ┌───────┐┌───────┐     ┌───────┐┌───────┐                  ┌───────┐»
q2_0: ┤ Ry(0) ├┤ Rz(0) ├──■──┤ Ry(0) ├┤ Rz(0) ├─────────────■────┤ Ry(0) ├»
      ├───────┤├───────┤┌─┴─┐└───────┘├───────┤┌───────┐  ┌─┴─┐  └───────┘»
q2_1: ┤ Ry(0) ├┤ Rz(0) ├┤ X ├────■────┤ Ry(0) ├┤ Rz(0) ├──┤ X ├──────■────»
      ├───────┤├───────┤└───┘  ┌─┴─┐  └───────┘├───────┤┌─┴───┴─┐  ┌─┴─┐  »
q2_2: ┤ Ry(0) ├┤ Rz(0) ├───────┤ X ├──────■────┤ Ry(0) ├┤ Rz(0) ├──┤ X ├──»
      ├───────┤├───────┤       └───┘    ┌─┴─┐  ├───────┤├───────┤  └───┘  »
q2_3: ┤ Ry(0) ├┤ Rz(0) ├────────────────┤ X ├──┤ Ry(0) ├┤ Rz(0) ├─────────»
      └───────┘└───────┘                └───┘  └───────┘└───────┘         »
«      ┌───────┐                  ┌───────┐┌───────┐                  ┌───────┐»
«q2_0: ┤ Rz(0) ├─────────────■────┤ Ry(0) ├┤ Rz(0) ├─────────────■────┤ Ry(0) ├»
«      ├───────┤┌───────┐  ┌─┴─┐  └───────┘├───────┤┌───────┐  ┌─┴─┐  └───────┘»
«q2_1: ┤ Ry(0) ├┤ Rz(0) ├──┤ X ├──────■────┤ Ry(0) ├┤ Rz(0) ├──┤ X ├──────■────»
«      └───────┘├───────┤┌─┴───┴─┐  ┌─┴─┐  └───────┘├───────┤┌─┴───┴─┐  ┌─┴─┐  »
«q2_2: ────■────┤ Ry(0) ├┤ Rz(0) ├──┤ X ├──────■────┤ Ry(0) ├┤ Rz(0) ├──┤ X ├──»
«        ┌─┴─┐  ├───────┤├───────┤  └───┘    ┌─┴─┐  ├───────┤├───────┤  └───┘  »
«q2_3: ──┤ X ├──┤ Ry(0) ├┤ Rz(0) ├───────────┤ X ├──┤ Ry(0) ├┤ Rz(0) ├─────────»
«        └───┘  └───────┘└───────┘           └───┘  └───────┘└───────┘         »
«      ┌───────┐┌─────────────┐                              
«q2_0: ┤ Rz(0) ├┤ U(-π/2,0,0) ├──────────────────────────────
«      ├───────┤└──┬───────┬──┘┌─────────────┐               
«q2_1: ┤ Ry(0) ├───┤ Rz(0) ├───┤ U(-π/2,0,0) ├───────────────
«      └───────┘   ├───────┤   └──┬───────┬──┘┌─────────────┐
«q2_2: ────■───────┤ Ry(0) ├──────┤ Rz(0) ├───┤ U(-π/2,0,0) ├
«        ┌─┴─┐     ├───────┤      ├───────┤   ├─────────────┤
«q2_3: ──┤ X ├─────┤ Ry(0) ├──────┤ Rz(0) ├───┤ U(-π/2,0,0) ├
«        └───┘     └───────┘      └───────┘   └─────────────┘
Optimized to loss metric = 0.00011250286479480565
Queried loss func 137631 times
Optimized to loss metric = 6.470066182373557e-06
Queried loss func 351503 times
Optimized to loss metric = 0.0002076262899208814
Queried loss func 155290 times
Optimized to loss metric = 1.355373001388216e-06
Queried loss func 208476 times
Optimized to loss metric = 9.513030818197876e-05
Queried loss func 131462 times
Optimized to loss metric = 0.00023096696531865746
Queried loss func 212801 times
Optimized to loss metric = 0.0002069269394269213
Queried loss func 221576 times
Optimized to loss metric = 0.00023239398433361202
Queried loss func 108687 times
Optimized to loss metric = 6.470066637120908e-06
Queried loss func 276423 times
Optimized to loss metric = 1.5323606930905953e-05
Queried loss func 120621 times
[d=4] Median loss: 9.513030818197876e-05, stdev: 0.0
[d=4] Mean # queries: 131462.0, stdev: 0.0
Calculations complete!
