Starting calculations...
Optimized to loss metric = 6.161188125610352
Queried loss func 10009 times
Optimized to loss metric = 6.426753520965576
Queried loss func 10000 times
Optimized to loss metric = 4.549863815307617
Queried loss func 10010 times
Optimized to loss metric = 6.640408515930176
Queried loss func 10001 times
Optimized to loss metric = 6.215885162353516
Queried loss func 10000 times
Optimized to loss metric = 6.732603073120117
Queried loss func 10003 times
Optimized to loss metric = 6.964529037475586
Queried loss func 10000 times
Optimized to loss metric = 6.715738773345947
Queried loss func 10000 times
Optimized to loss metric = 4.542837142944336
Queried loss func 10009 times
Optimized to loss metric = 6.483198165893555
Queried loss func 10000 times
Optimized to loss metric = 7.026256561279297
Queried loss func 10000 times
Optimized to loss metric = 5.113793849945068
Queried loss func 10000 times
Optimized to loss metric = 6.8911566734313965
Queried loss func 10009 times
Optimized to loss metric = 6.201876640319824
Queried loss func 10007 times
Optimized to loss metric = 4.59066104888916
Queried loss func 10006 times
Optimized to loss metric = 5.488866806030273
Queried loss func 10001 times
Optimized to loss metric = 5.280905246734619
Queried loss func 10007 times
Optimized to loss metric = 6.096202850341797
Queried loss func 10000 times
Optimized to loss metric = 6.987758159637451
Queried loss func 10000 times
Optimized to loss metric = 6.626237392425537
Queried loss func 10001 times
Average loss: 6.08683602809906
1.9747164818009026 with deviation 1.4794600096497057
Calculations complete!
