Starting calculations...
Optimized to loss metric = 1.7513113021850586
Queried loss func 10006 times
Optimized to loss metric = 4.425446033477783
Queried loss func 10009 times
Optimized to loss metric = 7.259251117706299
Queried loss func 10008 times
Optimized to loss metric = 8.78561019897461
Queried loss func 10001 times
Optimized to loss metric = 1.9794907569885254
Queried loss func 10004 times
Optimized to loss metric = 1.7405956983566284
Queried loss func 10000 times
Optimized to loss metric = 1.7547502517700195
Queried loss func 10010 times
Optimized to loss metric = 1.740558385848999
Queried loss func 10007 times
Optimized to loss metric = 14.840754508972168
Queried loss func 10006 times
Optimized to loss metric = 1.7456259727478027
Queried loss func 10009 times
Optimized to loss metric = 15.128490447998047
Queried loss func 10000 times
Optimized to loss metric = 1.9403600692749023
Queried loss func 10008 times
Optimized to loss metric = 2.0393660068511963
Queried loss func 10008 times
Optimized to loss metric = 5.803540229797363
Queried loss func 10010 times
Optimized to loss metric = 15.004438400268555
Queried loss func 10000 times
Optimized to loss metric = 7.602748870849609
Queried loss func 10004 times
Optimized to loss metric = 1.7370864152908325
Queried loss func 10000 times
Optimized to loss metric = 10.42696762084961
Queried loss func 10002 times
Optimized to loss metric = 2.0400948524475098
Queried loss func 10010 times
Optimized to loss metric = 10.029314041137695
Queried loss func 10004 times
Average loss: 5.8887900590896605
1.328618644445001 with deviation 1.6224611503611024
Calculations complete!
