Starting calculations...
Optimized to loss metric = 1.7314039468765259
Queried loss func 10006 times
Optimized to loss metric = 6.198019027709961
Queried loss func 10001 times
Optimized to loss metric = 2.0070290565490723
Queried loss func 10000 times
Optimized to loss metric = 3.463796615600586
Queried loss func 10010 times
Optimized to loss metric = 2.666477680206299
Queried loss func 10000 times
Optimized to loss metric = 1.7239625453948975
Queried loss func 10002 times
Optimized to loss metric = 1.7226179838180542
Queried loss func 10001 times
Optimized to loss metric = 5.433679580688477
Queried loss func 10000 times
Optimized to loss metric = 1.924408197402954
Queried loss func 10000 times
Optimized to loss metric = 3.407802104949951
Queried loss func 10000 times
Optimized to loss metric = 12.589418411254883
Queried loss func 10004 times
Optimized to loss metric = 1.7211873531341553
Queried loss func 10004 times
Optimized to loss metric = 2.648862838745117
Queried loss func 10001 times
Optimized to loss metric = 1.7259101867675781
Queried loss func 10000 times
Optimized to loss metric = 1.7343854904174805
Queried loss func 10005 times
Optimized to loss metric = 1.7309707403182983
Queried loss func 10000 times
Optimized to loss metric = 1.800208330154419
Queried loss func 10004 times
Optimized to loss metric = 1.7315313816070557
Queried loss func 10000 times
Optimized to loss metric = 1.7443747520446777
Queried loss func 10001 times
Optimized to loss metric = 1.7256815433502197
Queried loss func 10000 times
Average loss: 2.9715863883495333
0.3670384222738803 with deviation 0.750942787292358
Calculations complete!
