Starting calculations...
Optimized to loss metric = 1.9397547245025635
Queried loss func 10007 times
Optimized to loss metric = 1.7235291004180908
Queried loss func 10009 times
Optimized to loss metric = 6.3376641273498535
Queried loss func 10010 times
Optimized to loss metric = 1.7441868782043457
Queried loss func 10005 times
Optimized to loss metric = 1.7229208946228027
Queried loss func 10002 times
Optimized to loss metric = 1.7239036560058594
Queried loss func 10000 times
Optimized to loss metric = 1.7253390550613403
Queried loss func 10004 times
Optimized to loss metric = 1.7619293928146362
Queried loss func 10007 times
Optimized to loss metric = 1.816840648651123
Queried loss func 10007 times
Optimized to loss metric = 1.7270090579986572
Queried loss func 10000 times
Optimized to loss metric = 1.7213425636291504
Queried loss func 10001 times
Optimized to loss metric = 9.167516708374023
Queried loss func 10010 times
Optimized to loss metric = 1.7232098579406738
Queried loss func 10001 times
Optimized to loss metric = 5.477595806121826
Queried loss func 10010 times
Optimized to loss metric = 1.723926067352295
Queried loss func 10001 times
Optimized to loss metric = 2.722609043121338
Queried loss func 10001 times
Optimized to loss metric = 2.053563356399536
Queried loss func 10010 times
Optimized to loss metric = 1.7249213457107544
Queried loss func 10000 times
Optimized to loss metric = 1.724863052368164
Queried loss func 10000 times
Optimized to loss metric = 2.047300338745117
Queried loss func 10000 times
Average loss: 2.6154962837696076
0.2549814616640355 with deviation 0.5434104390498874
Calculations complete!
