Starting calculations...
Optimized to loss metric = 8.98637580871582
Queried loss func 10000 times
Optimized to loss metric = 1.9461541175842285
Queried loss func 10002 times
Optimized to loss metric = 1.9321186542510986
Queried loss func 10003 times
Optimized to loss metric = 1.8801422119140625
Queried loss func 10001 times
Optimized to loss metric = 1.9184468984603882
Queried loss func 10009 times
Optimized to loss metric = 6.951938629150391
Queried loss func 10006 times
Optimized to loss metric = 1.8874722719192505
Queried loss func 10000 times
Optimized to loss metric = 2.2990260124206543
Queried loss func 10008 times
Optimized to loss metric = 1.8826522827148438
Queried loss func 10005 times
Optimized to loss metric = 1.9048056602478027
Queried loss func 10008 times
Optimized to loss metric = 1.9026806354522705
Queried loss func 10000 times
Optimized to loss metric = 2.3828930854797363
Queried loss func 10006 times
Optimized to loss metric = 1.869586706161499
Queried loss func 10000 times
Optimized to loss metric = 1.8793699741363525
Queried loss func 10000 times
Optimized to loss metric = 5.213509559631348
Queried loss func 10007 times
Optimized to loss metric = 2.135742664337158
Queried loss func 10004 times
Optimized to loss metric = 1.8678054809570312
Queried loss func 10007 times
Optimized to loss metric = 1.8849971294403076
Queried loss func 10009 times
Optimized to loss metric = 2.1475932598114014
Queried loss func 10000 times
Optimized to loss metric = 1.8726897239685059
Queried loss func 10000 times
Average loss: 2.7373000383377075
0.27218008082295375 with deviation 0.6023063706883137
Calculations complete!
