Starting calculations...
Optimized to loss metric = 1.8416748046875
Queried loss func 10000 times
Optimized to loss metric = 1.9687366485595703
Queried loss func 10001 times
Optimized to loss metric = 1.8110780715942383
Queried loss func 10000 times
Optimized to loss metric = 1.8375167846679688
Queried loss func 10002 times
Optimized to loss metric = 1.8382198810577393
Queried loss func 10005 times
Optimized to loss metric = 2.0320334434509277
Queried loss func 10009 times
Optimized to loss metric = 1.8304166793823242
Queried loss func 10005 times
Optimized to loss metric = 3.8239521980285645
Queried loss func 10000 times
Optimized to loss metric = 12.178323745727539
Queried loss func 10003 times
Optimized to loss metric = 12.10042953491211
Queried loss func 10000 times
Optimized to loss metric = 1.8345561027526855
Queried loss func 10004 times
Optimized to loss metric = 1.8696839809417725
Queried loss func 10000 times
Optimized to loss metric = 11.979911804199219
Queried loss func 10006 times
Optimized to loss metric = 1.8370072841644287
Queried loss func 10010 times
Optimized to loss metric = 1.8422071933746338
Queried loss func 10000 times
Optimized to loss metric = 1.833815097808838
Queried loss func 10003 times
Optimized to loss metric = 1.8510663509368896
Queried loss func 10010 times
Optimized to loss metric = 2.3663158416748047
Queried loss func 10006 times
Optimized to loss metric = 2.0554897785186768
Queried loss func 10001 times
Optimized to loss metric = 1.8342641592025757
Queried loss func 10001 times
Average loss: 3.52833496928215
0.603220077008268 with deviation 1.2955453006038258
Calculations complete!
