Starting calculations...
Optimized to loss metric = 6.219733238220215
Queried loss func 10010 times
Optimized to loss metric = 6.4302592277526855
Queried loss func 10004 times
Optimized to loss metric = 6.290912628173828
Queried loss func 10000 times
Optimized to loss metric = 4.919032096862793
Queried loss func 10010 times
Optimized to loss metric = 6.366036415100098
Queried loss func 10002 times
Optimized to loss metric = 6.52254581451416
Queried loss func 10001 times
Optimized to loss metric = 6.66425895690918
Queried loss func 10002 times
Optimized to loss metric = 5.318821907043457
Queried loss func 10003 times
Optimized to loss metric = 5.882199287414551
Queried loss func 10010 times
Optimized to loss metric = 4.532483100891113
Queried loss func 10000 times
Optimized to loss metric = 6.125060081481934
Queried loss func 10000 times
Optimized to loss metric = 6.119209289550781
Queried loss func 10010 times
Optimized to loss metric = 6.429247856140137
Queried loss func 10000 times
Optimized to loss metric = 6.716594696044922
Queried loss func 10000 times
Optimized to loss metric = 4.928537368774414
Queried loss func 10001 times
Optimized to loss metric = 6.699124336242676
Queried loss func 10008 times
Optimized to loss metric = 5.937417984008789
Queried loss func 10000 times
Optimized to loss metric = 5.650835990905762
Queried loss func 10000 times
Optimized to loss metric = 5.520076751708984
Queried loss func 10006 times
Optimized to loss metric = 5.269120216369629
Queried loss func 10010 times
Average loss: 5.927075362205505
1.423285919409424 with deviation 0.9037981677593244
Calculations complete!
