Starting calculations...
Optimized to loss metric = 1.728020429611206
Queried loss func 10007 times
Optimized to loss metric = 1.753983497619629
Queried loss func 10010 times
Optimized to loss metric = 1.7252144813537598
Queried loss func 10009 times
Optimized to loss metric = 1.7803289890289307
Queried loss func 10001 times
Optimized to loss metric = 1.8445310592651367
Queried loss func 10000 times
Optimized to loss metric = 1.7881580591201782
Queried loss func 10006 times
Optimized to loss metric = 1.7393910884857178
Queried loss func 10006 times
Optimized to loss metric = 1.733248233795166
Queried loss func 10000 times
Optimized to loss metric = 3.4647140502929688
Queried loss func 10003 times
Optimized to loss metric = 11.584686279296875
Queried loss func 10006 times
Optimized to loss metric = 1.7726404666900635
Queried loss func 10000 times
Optimized to loss metric = 11.144779205322266
Queried loss func 10000 times
Optimized to loss metric = 9.714922904968262
Queried loss func 10005 times
Optimized to loss metric = 1.7378602027893066
Queried loss func 10007 times
Optimized to loss metric = 1.9221218824386597
Queried loss func 10001 times
Optimized to loss metric = 1.729745864868164
Queried loss func 10004 times
Optimized to loss metric = 3.3243372440338135
Queried loss func 10007 times
Optimized to loss metric = 1.9012260437011719
Queried loss func 10002 times
Optimized to loss metric = 3.341024398803711
Queried loss func 10001 times
Optimized to loss metric = 1.8236074447631836
Queried loss func 10004 times
Average loss: 3.3777270913124084
0.49127167916603287 with deviation 0.9346664178706992
Calculations complete!
