Starting calculations...
Optimized to loss metric = 1.7226357460021973
Queried loss func 10008 times
Optimized to loss metric = 4.523603916168213
Queried loss func 10000 times
Optimized to loss metric = 14.396739959716797
Queried loss func 10009 times
Optimized to loss metric = 1.7202703952789307
Queried loss func 10005 times
Optimized to loss metric = 1.830369472503662
Queried loss func 10000 times
Optimized to loss metric = 1.7828317880630493
Queried loss func 10000 times
Optimized to loss metric = 1.7262895107269287
Queried loss func 10001 times
Optimized to loss metric = 1.774350643157959
Queried loss func 10000 times
Optimized to loss metric = 1.8839867115020752
Queried loss func 10002 times
Optimized to loss metric = 3.7425761222839355
Queried loss func 10000 times
Optimized to loss metric = 1.7219569683074951
Queried loss func 10007 times
Optimized to loss metric = 1.7226383686065674
Queried loss func 10007 times
Optimized to loss metric = 1.724500060081482
Queried loss func 10001 times
Optimized to loss metric = 7.387637138366699
Queried loss func 10000 times
Optimized to loss metric = 1.7216768264770508
Queried loss func 10008 times
Optimized to loss metric = 1.730270504951477
Queried loss func 10001 times
Optimized to loss metric = 1.8173527717590332
Queried loss func 10010 times
Optimized to loss metric = 8.353362083435059
Queried loss func 10003 times
Optimized to loss metric = 1.74197256565094
Queried loss func 10000 times
Optimized to loss metric = 12.903772354125977
Queried loss func 10006 times
Average loss: 3.796439695358276
0.6109089921935852 with deviation 1.1223464344391199
Calculations complete!
