Starting calculations...
Optimized to loss metric = 1.783630609512329
Queried loss func 10004 times
Optimized to loss metric = 6.572504997253418
Queried loss func 10002 times
Optimized to loss metric = 1.7660536766052246
Queried loss func 10000 times
Optimized to loss metric = 3.1720848083496094
Queried loss func 10009 times
Optimized to loss metric = 1.774707555770874
Queried loss func 10000 times
Optimized to loss metric = 1.8386056423187256
Queried loss func 10006 times
Optimized to loss metric = 11.152177810668945
Queried loss func 10001 times
Optimized to loss metric = 1.7830300331115723
Queried loss func 10000 times
Optimized to loss metric = 1.7679139375686646
Queried loss func 10001 times
Optimized to loss metric = 2.2281713485717773
Queried loss func 10006 times
Optimized to loss metric = 2.921828269958496
Queried loss func 10004 times
Optimized to loss metric = 1.8747897148132324
Queried loss func 10000 times
Optimized to loss metric = 1.766098976135254
Queried loss func 10003 times
Optimized to loss metric = 1.7801580429077148
Queried loss func 10007 times
Optimized to loss metric = 1.82600736618042
Queried loss func 10008 times
Optimized to loss metric = 1.7760331630706787
Queried loss func 10000 times
Optimized to loss metric = 4.174259185791016
Queried loss func 10000 times
Optimized to loss metric = 8.842947006225586
Queried loss func 10004 times
Optimized to loss metric = 1.77618408203125
Queried loss func 10000 times
Optimized to loss metric = 1.771127462387085
Queried loss func 10000 times
Average loss: 3.1174156844615935
0.41278012557066673 with deviation 0.8129587824970855
Calculations complete!
