Starting calculations...
Optimized to loss metric = 6.064281463623047
Queried loss func 10003 times
Optimized to loss metric = 3.0694656372070312
Queried loss func 10008 times
Optimized to loss metric = 5.242093086242676
Queried loss func 10010 times
Optimized to loss metric = 6.621362209320068
Queried loss func 10000 times
Optimized to loss metric = 3.05066180229187
Queried loss func 10000 times
Optimized to loss metric = 8.103208541870117
Queried loss func 10002 times
Optimized to loss metric = 5.520166397094727
Queried loss func 10000 times
Optimized to loss metric = 3.7419233322143555
Queried loss func 10000 times
Optimized to loss metric = 6.308958053588867
Queried loss func 10000 times
Optimized to loss metric = 8.001681327819824
Queried loss func 10000 times
Optimized to loss metric = 3.126155376434326
Queried loss func 10000 times
Optimized to loss metric = 3.4336321353912354
Queried loss func 10004 times
Optimized to loss metric = 7.793918609619141
Queried loss func 10003 times
Optimized to loss metric = 5.679060459136963
Queried loss func 10003 times
Optimized to loss metric = 3.579932451248169
Queried loss func 10000 times
Optimized to loss metric = 3.356508731842041
Queried loss func 10009 times
Optimized to loss metric = 7.852862358093262
Queried loss func 10006 times
Optimized to loss metric = 6.576498985290527
Queried loss func 10000 times
Optimized to loss metric = 4.642609596252441
Queried loss func 10000 times
Optimized to loss metric = 3.063927412033081
Queried loss func 10000 times
Average loss: 5.241445398330688
1.2722708917230754 with deviation 1.4151655001237824
Calculations complete!
