Starting calculations...
Optimized to loss metric = 6.617724418640137
Queried loss func 10002 times
Optimized to loss metric = 4.562254905700684
Queried loss func 10003 times
Optimized to loss metric = 5.684356689453125
Queried loss func 10000 times
Optimized to loss metric = 6.209357261657715
Queried loss func 10007 times
Optimized to loss metric = 5.391451835632324
Queried loss func 10001 times
Optimized to loss metric = 6.2988104820251465
Queried loss func 10000 times
Optimized to loss metric = 7.048911094665527
Queried loss func 10005 times
Optimized to loss metric = 4.17794942855835
Queried loss func 10001 times
Optimized to loss metric = 6.586956024169922
Queried loss func 10003 times
Optimized to loss metric = 6.327941417694092
Queried loss func 10000 times
Optimized to loss metric = 6.9417805671691895
Queried loss func 10000 times
Optimized to loss metric = 6.681064128875732
Queried loss func 10000 times
Optimized to loss metric = 4.88847541809082
Queried loss func 10008 times
Optimized to loss metric = 6.527260780334473
Queried loss func 10004 times
Optimized to loss metric = 6.326643943786621
Queried loss func 10007 times
Optimized to loss metric = 6.697511672973633
Queried loss func 10000 times
Optimized to loss metric = 5.856671333312988
Queried loss func 10003 times
Optimized to loss metric = 5.65062141418457
Queried loss func 10008 times
Optimized to loss metric = 6.098082542419434
Queried loss func 10008 times
Optimized to loss metric = 4.412021636962891
Queried loss func 10009 times
Average loss: 5.9492923498153685
1.6235613324770817 with deviation 1.1074737792358251
Calculations complete!
