Starting calculations...
Optimized to loss metric = 1.883338451385498
Queried loss func 10002 times
Optimized to loss metric = 1.836068868637085
Queried loss func 10006 times
Optimized to loss metric = 4.385165214538574
Queried loss func 10001 times
Optimized to loss metric = 9.039568901062012
Queried loss func 10004 times
Optimized to loss metric = 1.7196276187896729
Queried loss func 10000 times
Optimized to loss metric = 1.757126808166504
Queried loss func 10007 times
Optimized to loss metric = 1.720182180404663
Queried loss func 10000 times
Optimized to loss metric = 14.102984428405762
Queried loss func 10000 times
Optimized to loss metric = 4.665006637573242
Queried loss func 10000 times
Optimized to loss metric = 1.7203211784362793
Queried loss func 10000 times
Optimized to loss metric = 1.8273006677627563
Queried loss func 10008 times
Optimized to loss metric = 1.7199268341064453
Queried loss func 10000 times
Optimized to loss metric = 1.719881296157837
Queried loss func 10001 times
Optimized to loss metric = 1.7200121879577637
Queried loss func 10003 times
Optimized to loss metric = 9.438896179199219
Queried loss func 10004 times
Optimized to loss metric = 1.7476441860198975
Queried loss func 10000 times
Optimized to loss metric = 1.7198364734649658
Queried loss func 10010 times
Optimized to loss metric = 13.606992721557617
Queried loss func 10000 times
Optimized to loss metric = 1.8287677764892578
Queried loss func 10007 times
Optimized to loss metric = 5.379097938537598
Queried loss func 10008 times
Average loss: 4.176887327432633
0.7044092401925195 with deviation 1.134179358359141
Calculations complete!
