Starting calculations...
Optimized to loss metric = 2.080352783203125
Queried loss func 10005 times
Optimized to loss metric = 1.8843162059783936
Queried loss func 10000 times
Optimized to loss metric = 1.7198443412780762
Queried loss func 10008 times
Optimized to loss metric = 1.7254080772399902
Queried loss func 10003 times
Optimized to loss metric = 2.4506430625915527
Queried loss func 10000 times
Optimized to loss metric = 1.7346558570861816
Queried loss func 10009 times
Optimized to loss metric = 7.453023910522461
Queried loss func 10006 times
Optimized to loss metric = 1.7194571495056152
Queried loss func 10005 times
Optimized to loss metric = 2.869727611541748
Queried loss func 10000 times
Optimized to loss metric = 1.721313238143921
Queried loss func 10004 times
Optimized to loss metric = 4.676797866821289
Queried loss func 10009 times
Optimized to loss metric = 12.590791702270508
Queried loss func 10008 times
Optimized to loss metric = 1.724121332168579
Queried loss func 10000 times
Optimized to loss metric = 1.73133385181427
Queried loss func 10010 times
Optimized to loss metric = 1.8408734798431396
Queried loss func 10004 times
Optimized to loss metric = 10.93712043762207
Queried loss func 10000 times
Optimized to loss metric = 1.724867582321167
Queried loss func 10006 times
Optimized to loss metric = 2.052323341369629
Queried loss func 10000 times
Optimized to loss metric = 1.7252490520477295
Queried loss func 10001 times
Optimized to loss metric = 1.7218265533447266
Queried loss func 10009 times
Average loss: 3.3042023718357085
0.4523036908884115 with deviation 0.879443456072413
Calculations complete!
