Starting calculations...
Optimized to loss metric = 1.757298469543457
Queried loss func 10004 times
Optimized to loss metric = 6.8305253982543945
Queried loss func 10008 times
Optimized to loss metric = 1.8929747343063354
Queried loss func 10000 times
Optimized to loss metric = 12.039637565612793
Queried loss func 10001 times
Optimized to loss metric = 1.7567195892333984
Queried loss func 10001 times
Optimized to loss metric = 1.7881370782852173
Queried loss func 10000 times
Optimized to loss metric = 1.7654268741607666
Queried loss func 10000 times
Optimized to loss metric = 2.088869094848633
Queried loss func 10004 times
Optimized to loss metric = 11.207037925720215
Queried loss func 10001 times
Optimized to loss metric = 4.61161994934082
Queried loss func 10003 times
Optimized to loss metric = 2.396688461303711
Queried loss func 10008 times
Optimized to loss metric = 1.7621656656265259
Queried loss func 10007 times
Optimized to loss metric = 1.752744436264038
Queried loss func 10007 times
Optimized to loss metric = 1.86713707447052
Queried loss func 10000 times
Optimized to loss metric = 8.334131240844727
Queried loss func 10001 times
Optimized to loss metric = 7.982240676879883
Queried loss func 10003 times
Optimized to loss metric = 9.612062454223633
Queried loss func 10000 times
Optimized to loss metric = 1.7583835124969482
Queried loss func 10009 times
Optimized to loss metric = 1.8949553966522217
Queried loss func 10006 times
Optimized to loss metric = 10.311847686767578
Queried loss func 10001 times
Average loss: 4.670530164241791
0.9247383629040093 with deviation 1.219870088412328
Calculations complete!
