Starting calculations...
Optimized to loss metric = 1.7203991413116455
Queried loss func 10005 times
Optimized to loss metric = 17.68124771118164
Queried loss func 10006 times
Optimized to loss metric = 1.7938141822814941
Queried loss func 10006 times
Optimized to loss metric = 3.6407270431518555
Queried loss func 10007 times
Optimized to loss metric = 1.7197518348693848
Queried loss func 10000 times
Optimized to loss metric = 2.3033807277679443
Queried loss func 10002 times
Optimized to loss metric = 10.885414123535156
Queried loss func 10000 times
Optimized to loss metric = 1.745920181274414
Queried loss func 10010 times
Optimized to loss metric = 1.7262063026428223
Queried loss func 10003 times
Optimized to loss metric = 1.719606637954712
Queried loss func 10005 times
Optimized to loss metric = 4.210423469543457
Queried loss func 10005 times
Optimized to loss metric = 10.330544471740723
Queried loss func 10006 times
Optimized to loss metric = 2.096318244934082
Queried loss func 10009 times
Optimized to loss metric = 1.7926228046417236
Queried loss func 10000 times
Optimized to loss metric = 1.7202479839324951
Queried loss func 10002 times
Optimized to loss metric = 1.7638566493988037
Queried loss func 10000 times
Optimized to loss metric = 1.7199172973632812
Queried loss func 10002 times
Optimized to loss metric = 1.720199465751648
Queried loss func 10008 times
Optimized to loss metric = 1.719707727432251
Queried loss func 10001 times
Optimized to loss metric = 8.231910705566406
Queried loss func 10004 times
Average loss: 4.012110835313797
0.6821174603469567 with deviation 1.2824007060271487
Calculations complete!
