Starting calculations...
Optimized to loss metric = 1.8726009130477905
Queried loss func 10002 times
Optimized to loss metric = 1.7199041843414307
Queried loss func 10000 times
Optimized to loss metric = 1.857637882232666
Queried loss func 10007 times
Optimized to loss metric = 1.7212328910827637
Queried loss func 10009 times
Optimized to loss metric = 5.605294227600098
Queried loss func 10000 times
Optimized to loss metric = 1.9653806686401367
Queried loss func 10006 times
Optimized to loss metric = 1.7203090190887451
Queried loss func 10005 times
Optimized to loss metric = 1.719909429550171
Queried loss func 10010 times
Optimized to loss metric = 4.462385654449463
Queried loss func 10000 times
Optimized to loss metric = 1.7246698141098022
Queried loss func 10000 times
Optimized to loss metric = 5.07662296295166
Queried loss func 10001 times
Optimized to loss metric = 1.7210137844085693
Queried loss func 10002 times
Optimized to loss metric = 1.8643252849578857
Queried loss func 10000 times
Optimized to loss metric = 1.7249971628189087
Queried loss func 10000 times
Optimized to loss metric = 10.842628479003906
Queried loss func 10005 times
Optimized to loss metric = 1.719639778137207
Queried loss func 10007 times
Optimized to loss metric = 1.7196767330169678
Queried loss func 10004 times
Optimized to loss metric = 1.7833553552627563
Queried loss func 10006 times
Optimized to loss metric = 2.3212785720825195
Queried loss func 10001 times
Optimized to loss metric = 1.7204482555389404
Queried loss func 10002 times
Average loss: 2.7431655526161194
0.2953576680713005 with deviation 0.6224088461028728
Calculations complete!
