Starting calculations...
Optimized to loss metric = 10.736042022705078
Queried loss func 10009 times
Optimized to loss metric = 1.7345331907272339
Queried loss func 10009 times
Optimized to loss metric = 1.7798724174499512
Queried loss func 10000 times
Optimized to loss metric = 1.7917791604995728
Queried loss func 10000 times
Optimized to loss metric = 1.725536584854126
Queried loss func 10004 times
Optimized to loss metric = 7.599532127380371
Queried loss func 10001 times
Optimized to loss metric = 15.458096504211426
Queried loss func 10006 times
Optimized to loss metric = 1.725351095199585
Queried loss func 10000 times
Optimized to loss metric = 1.7269799709320068
Queried loss func 10000 times
Optimized to loss metric = 11.048043251037598
Queried loss func 10000 times
Optimized to loss metric = 1.9054597616195679
Queried loss func 10000 times
Optimized to loss metric = 13.51131820678711
Queried loss func 10000 times
Optimized to loss metric = 3.234910488128662
Queried loss func 10003 times
Optimized to loss metric = 1.7277328968048096
Queried loss func 10001 times
Optimized to loss metric = 1.7250561714172363
Queried loss func 10008 times
Optimized to loss metric = 1.7334635257720947
Queried loss func 10008 times
Optimized to loss metric = 1.726097583770752
Queried loss func 10000 times
Optimized to loss metric = 1.7239025831222534
Queried loss func 10000 times
Optimized to loss metric = 1.7357239723205566
Queried loss func 10000 times
Optimized to loss metric = 1.7332379817962646
Queried loss func 10006 times
Average loss: 4.304133474826813
0.7965893179359942 with deviation 1.4177398418379012
Calculations complete!
