Starting calculations...
Optimized to loss metric = 1.8169382810592651
Queried loss func 10004 times
Optimized to loss metric = 1.9315264225006104
Queried loss func 10002 times
Optimized to loss metric = 1.8017854690551758
Queried loss func 10001 times
Optimized to loss metric = 1.8835172653198242
Queried loss func 10005 times
Optimized to loss metric = 1.8658506870269775
Queried loss func 10009 times
Optimized to loss metric = 1.8234318494796753
Queried loss func 10000 times
Optimized to loss metric = 1.9327096939086914
Queried loss func 10000 times
Optimized to loss metric = 1.8215432167053223
Queried loss func 10002 times
Optimized to loss metric = 1.8470618724822998
Queried loss func 10009 times
Optimized to loss metric = 1.8081049919128418
Queried loss func 10004 times
Optimized to loss metric = 1.8202110528945923
Queried loss func 10004 times
Optimized to loss metric = 1.8060178756713867
Queried loss func 10001 times
Optimized to loss metric = 1.8366072177886963
Queried loss func 10000 times
Optimized to loss metric = 1.815476417541504
Queried loss func 10005 times
Optimized to loss metric = 7.092133045196533
Queried loss func 10007 times
Optimized to loss metric = 3.4318108558654785
Queried loss func 10000 times
Optimized to loss metric = 1.8291821479797363
Queried loss func 10002 times
Optimized to loss metric = 1.8090342283248901
Queried loss func 10002 times
Optimized to loss metric = 5.4628424644470215
Queried loss func 10000 times
Optimized to loss metric = 6.973095893859863
Queried loss func 10008 times
Average loss: 2.620444047451019
0.24008755007768262 with deviation 0.4859217149720667
Calculations complete!
