Starting calculations...
Optimized to loss metric = 1.7659316062927246
Queried loss func 10010 times
Optimized to loss metric = 1.7199726104736328
Queried loss func 10007 times
Optimized to loss metric = 11.275897026062012
Queried loss func 10004 times
Optimized to loss metric = 1.719695806503296
Queried loss func 10008 times
Optimized to loss metric = 1.7200477123260498
Queried loss func 10010 times
Optimized to loss metric = 1.746748447418213
Queried loss func 10000 times
Optimized to loss metric = 1.719618320465088
Queried loss func 10003 times
Optimized to loss metric = 1.8034687042236328
Queried loss func 10004 times
Optimized to loss metric = 1.9121735095977783
Queried loss func 10000 times
Optimized to loss metric = 1.7569890022277832
Queried loss func 10004 times
Optimized to loss metric = 3.352879285812378
Queried loss func 10000 times
Optimized to loss metric = 2.1296401023864746
Queried loss func 10000 times
Optimized to loss metric = 16.807180404663086
Queried loss func 10003 times
Optimized to loss metric = 1.7201476097106934
Queried loss func 10001 times
Optimized to loss metric = 6.0800371170043945
Queried loss func 10005 times
Optimized to loss metric = 1.721069574356079
Queried loss func 10001 times
Optimized to loss metric = 1.8858120441436768
Queried loss func 10000 times
Optimized to loss metric = 15.93191909790039
Queried loss func 10001 times
Optimized to loss metric = 10.516637802124023
Queried loss func 10007 times
Optimized to loss metric = 1.725550889968872
Queried loss func 10000 times
Average loss: 4.450570833683014
0.7929453716438153 with deviation 1.4119364814905553
Calculations complete!
