Starting calculations...
Optimized to loss metric = 1.7714850902557373
Queried loss func 10000 times
Optimized to loss metric = 8.862804412841797
Queried loss func 10003 times
Optimized to loss metric = 9.320037841796875
Queried loss func 10007 times
Optimized to loss metric = 1.7686539888381958
Queried loss func 10000 times
Optimized to loss metric = 1.7862120866775513
Queried loss func 10003 times
Optimized to loss metric = 10.425110816955566
Queried loss func 10001 times
Optimized to loss metric = 1.8940553665161133
Queried loss func 10009 times
Optimized to loss metric = 2.4080169200897217
Queried loss func 10007 times
Optimized to loss metric = 2.507730484008789
Queried loss func 10007 times
Optimized to loss metric = 1.9805185794830322
Queried loss func 10000 times
Optimized to loss metric = 1.8470473289489746
Queried loss func 10006 times
Optimized to loss metric = 1.771472454071045
Queried loss func 10008 times
Optimized to loss metric = 1.890388011932373
Queried loss func 10007 times
Optimized to loss metric = 1.7774770259857178
Queried loss func 10010 times
Optimized to loss metric = 1.8818612098693848
Queried loss func 10000 times
Optimized to loss metric = 1.8089075088500977
Queried loss func 10000 times
Optimized to loss metric = 1.7839367389678955
Queried loss func 10000 times
Optimized to loss metric = 8.302911758422852
Queried loss func 10006 times
Optimized to loss metric = 2.8919425010681152
Queried loss func 10006 times
Optimized to loss metric = 1.800776481628418
Queried loss func 10001 times
Average loss: 3.4240673303604128
0.49811855823782586 with deviation 0.8810587792716101
Calculations complete!
