Starting calculations...
Optimized to loss metric = 2.720120906829834
Queried loss func 10003 times
Optimized to loss metric = 10.262060165405273
Queried loss func 10000 times
Optimized to loss metric = 13.323869705200195
Queried loss func 10000 times
Optimized to loss metric = 1.7202351093292236
Queried loss func 10007 times
Optimized to loss metric = 1.7198467254638672
Queried loss func 10000 times
Optimized to loss metric = 1.7201719284057617
Queried loss func 10008 times
Optimized to loss metric = 15.996166229248047
Queried loss func 10005 times
Optimized to loss metric = 12.135481834411621
Queried loss func 10000 times
Optimized to loss metric = 1.7967982292175293
Queried loss func 10000 times
Optimized to loss metric = 5.05305290222168
Queried loss func 10008 times
Optimized to loss metric = 5.268274307250977
Queried loss func 10000 times
Optimized to loss metric = 7.576533317565918
Queried loss func 10003 times
Optimized to loss metric = 1.719449520111084
Queried loss func 10007 times
Optimized to loss metric = 1.7239360809326172
Queried loss func 10000 times
Optimized to loss metric = 1.727086067199707
Queried loss func 10009 times
Optimized to loss metric = 2.121914863586426
Queried loss func 10000 times
Optimized to loss metric = 1.7212989330291748
Queried loss func 10002 times
Optimized to loss metric = 1.787061095237732
Queried loss func 10000 times
Optimized to loss metric = 17.84939193725586
Queried loss func 10000 times
Optimized to loss metric = 3.962519645690918
Queried loss func 10000 times
Average loss: 5.595263475179673
1.1418210739455643 with deviation 1.5498933976415037
Calculations complete!
