Starting calculations...
      ┌───┐                    
q0_0: ┤ H ├──■────■────■────■──
      └───┘┌─┴─┐  │    │    │  
q0_1: ─────┤ X ├──┼────┼────┼──
           └───┘┌─┴─┐  │    │  
q0_2: ──────────┤ X ├──┼────┼──
                └───┘┌─┴─┐  │  
q0_3: ───────────────┤ X ├──┼──
                     └───┘┌─┴─┐
q0_4: ────────────────────┤ X ├
                          └───┘
Querying on d = 5
[d=5] Variational circuit:
      ┌───────┐┌───────┐     ┌───────┐┌───────┐                  ┌───────┐»
q3_0: ┤ Ry(0) ├┤ Rz(0) ├──■──┤ Ry(0) ├┤ Rz(0) ├─────────────■────┤ Ry(0) ├»
      ├───────┤├───────┤┌─┴─┐└───────┘├───────┤┌───────┐  ┌─┴─┐  └───────┘»
q3_1: ┤ Ry(0) ├┤ Rz(0) ├┤ X ├────■────┤ Ry(0) ├┤ Rz(0) ├──┤ X ├──────■────»
      ├───────┤├───────┤└───┘  ┌─┴─┐  └───────┘├───────┤┌─┴───┴─┐  ┌─┴─┐  »
q3_2: ┤ Ry(0) ├┤ Rz(0) ├───────┤ X ├──────■────┤ Ry(0) ├┤ Rz(0) ├──┤ X ├──»
      ├───────┤├───────┤       └───┘    ┌─┴─┐  └───────┘├───────┤┌─┴───┴─┐»
q3_3: ┤ Ry(0) ├┤ Rz(0) ├────────────────┤ X ├──────■────┤ Ry(0) ├┤ Rz(0) ├»
      ├───────┤├───────┤                └───┘    ┌─┴─┐  ├───────┤├───────┤»
q3_4: ┤ Ry(0) ├┤ Rz(0) ├─────────────────────────┤ X ├──┤ Ry(0) ├┤ Rz(0) ├»
      └───────┘└───────┘                         └───┘  └───────┘└───────┘»
«      ┌───────┐                  ┌───────┐┌───────┐                  ┌───────┐»
«q3_0: ┤ Rz(0) ├─────────────■────┤ Ry(0) ├┤ Rz(0) ├─────────────■────┤ Ry(0) ├»
«      ├───────┤┌───────┐  ┌─┴─┐  └───────┘├───────┤┌───────┐  ┌─┴─┐  └───────┘»
«q3_1: ┤ Ry(0) ├┤ Rz(0) ├──┤ X ├──────■────┤ Ry(0) ├┤ Rz(0) ├──┤ X ├──────■────»
«      └───────┘├───────┤┌─┴───┴─┐  ┌─┴─┐  └───────┘├───────┤┌─┴───┴─┐  ┌─┴─┐  »
«q3_2: ────■────┤ Ry(0) ├┤ Rz(0) ├──┤ X ├──────■────┤ Ry(0) ├┤ Rz(0) ├──┤ X ├──»
«        ┌─┴─┐  └───────┘├───────┤┌─┴───┴─┐  ┌─┴─┐  └───────┘├───────┤┌─┴───┴─┐»
«q3_3: ──┤ X ├──────■────┤ Ry(0) ├┤ Rz(0) ├──┤ X ├──────■────┤ Ry(0) ├┤ Rz(0) ├»
«        └───┘    ┌─┴─┐  ├───────┤├───────┤  └───┘    ┌─┴─┐  ├───────┤├───────┤»
«q3_4: ───────────┤ X ├──┤ Ry(0) ├┤ Rz(0) ├───────────┤ X ├──┤ Ry(0) ├┤ Rz(0) ├»
«                 └───┘  └───────┘└───────┘           └───┘  └───────┘└───────┘»
«      ┌───────┐                  ┌───────┐┌───────┐┌──────────┐            »
«q3_0: ┤ Rz(0) ├─────────────■────┤ Ry(0) ├┤ Rz(0) ├┤ U(0,0,0) ├────────────»
«      ├───────┤┌───────┐  ┌─┴─┐  └───────┘├───────┤└┬───────┬─┘┌──────────┐»
«q3_1: ┤ Ry(0) ├┤ Rz(0) ├──┤ X ├──────■────┤ Ry(0) ├─┤ Rz(0) ├──┤ U(0,0,0) ├»
«      └───────┘├───────┤┌─┴───┴─┐  ┌─┴─┐  └───────┘ ├───────┤  └┬───────┬─┘»
«q3_2: ────■────┤ Ry(0) ├┤ Rz(0) ├──┤ X ├──────■─────┤ Ry(0) ├───┤ Rz(0) ├──»
«        ┌─┴─┐  └───────┘├───────┤┌─┴───┴─┐  ┌─┴─┐   └───────┘   ├───────┤  »
«q3_3: ──┤ X ├──────■────┤ Ry(0) ├┤ Rz(0) ├──┤ X ├───────■───────┤ Ry(0) ├──»
«        └───┘    ┌─┴─┐  ├───────┤├───────┤  └───┘     ┌─┴─┐     ├───────┤  »
«q3_4: ───────────┤ X ├──┤ Ry(0) ├┤ Rz(0) ├────────────┤ X ├─────┤ Ry(0) ├──»
«                 └───┘  └───────┘└───────┘            └───┘     └───────┘  »
«                              
«q3_0: ────────────────────────
«                              
«q3_1: ────────────────────────
«      ┌──────────┐            
«q3_2: ┤ U(0,0,0) ├────────────
«      └┬───────┬─┘┌──────────┐
«q3_3: ─┤ Rz(0) ├──┤ U(0,0,0) ├
«       ├───────┤  ├──────────┤
«q3_4: ─┤ Rz(0) ├──┤ U(0,0,0) ├
«       └───────┘  └──────────┘
Optimized to loss metric = 2.8842681021323813e-10
Queried loss func 243214 times
Optimized to loss metric = 6.987588979656678e-11
Queried loss func 96102 times
Optimized to loss metric = 3.5694565792693256e-12
Queried loss func 579093 times
Optimized to loss metric = 4.443924950248146e-10
Queried loss func 263248 times
Optimized to loss metric = 8.58991870689163e-12
Queried loss func 358470 times
Optimized to loss metric = 7.907836885312491e-11
Queried loss func 202546 times
Optimized to loss metric = 6.459578531792243e-12
Queried loss func 223364 times
Optimized to loss metric = 4.19564161191488e-10
Queried loss func 298702 times
Optimized to loss metric = 2.2666882260047316e-11
Queried loss func 404303 times
Optimized to loss metric = 4.753296280884944e-12
Queried loss func 406096 times
[d=5] Median loss: 7.907836885312491e-11, stdev: 0.0
[d=5] Mean # queries: 202546.0, stdev: 0.0
Calculations complete!
