Starting calculations...
      ┌───┐                    
q0_0: ┤ H ├──■────■────■────■──
      └───┘┌─┴─┐  │    │    │  
q0_1: ─────┤ X ├──┼────┼────┼──
           └───┘┌─┴─┐  │    │  
q0_2: ──────────┤ X ├──┼────┼──
                └───┘┌─┴─┐  │  
q0_3: ───────────────┤ X ├──┼──
                     └───┘┌─┴─┐
q0_4: ────────────────────┤ X ├
                          └───┘
Querying on d = 2
[d=2] Variational circuit:
      ┌───────┐┌───────┐     ┌───────┐┌───────┐                  ┌───────┐»
q3_0: ┤ Ry(0) ├┤ Rz(0) ├──■──┤ Ry(0) ├┤ Rz(0) ├─────────────■────┤ Ry(0) ├»
      ├───────┤├───────┤┌─┴─┐└───────┘├───────┤┌───────┐  ┌─┴─┐  └───────┘»
q3_1: ┤ Ry(0) ├┤ Rz(0) ├┤ X ├────■────┤ Ry(0) ├┤ Rz(0) ├──┤ X ├──────■────»
      ├───────┤├───────┤└───┘  ┌─┴─┐  └───────┘├───────┤┌─┴───┴─┐  ┌─┴─┐  »
q3_2: ┤ Ry(0) ├┤ Rz(0) ├───────┤ X ├──────■────┤ Ry(0) ├┤ Rz(0) ├──┤ X ├──»
      ├───────┤├───────┤       └───┘    ┌─┴─┐  └───────┘├───────┤┌─┴───┴─┐»
q3_3: ┤ Ry(0) ├┤ Rz(0) ├────────────────┤ X ├──────■────┤ Ry(0) ├┤ Rz(0) ├»
      ├───────┤├───────┤                └───┘    ┌─┴─┐  ├───────┤├───────┤»
q3_4: ┤ Ry(0) ├┤ Rz(0) ├─────────────────────────┤ X ├──┤ Ry(0) ├┤ Rz(0) ├»
      └───────┘└───────┘                         └───┘  └───────┘└───────┘»
«      ┌───────┐┌──────────┐                                    
«q3_0: ┤ Rz(0) ├┤ U(0,0,0) ├────────────────────────────────────
«      ├───────┤└┬───────┬─┘┌──────────┐                        
«q3_1: ┤ Ry(0) ├─┤ Rz(0) ├──┤ U(0,0,0) ├────────────────────────
«      └───────┘ ├───────┤  └┬───────┬─┘┌──────────┐            
«q3_2: ────■─────┤ Ry(0) ├───┤ Rz(0) ├──┤ U(0,0,0) ├────────────
«        ┌─┴─┐   └───────┘   ├───────┤  └┬───────┬─┘┌──────────┐
«q3_3: ──┤ X ├───────■───────┤ Ry(0) ├───┤ Rz(0) ├──┤ U(0,0,0) ├
«        └───┘     ┌─┴─┐     ├───────┤   ├───────┤  ├──────────┤
«q3_4: ────────────┤ X ├─────┤ Ry(0) ├───┤ Rz(0) ├──┤ U(0,0,0) ├
«                  └───┘     └───────┘   └───────┘  └──────────┘
Optimized to loss metric = 1.972104391682189e-13
Queried loss func 20163 times
Optimized to loss metric = 4.438310613127938e-13
Queried loss func 19336 times
Optimized to loss metric = 2.5870177853236365e-13
Queried loss func 17125 times
Optimized to loss metric = 7.527037668283651e-14
Queried loss func 68457 times
Optimized to loss metric = 7.953955148600617e-14
Queried loss func 18413 times
Optimized to loss metric = 2.1372233681166836e-13
Queried loss func 15830 times
Optimized to loss metric = 4.721515062602877e-13
Queried loss func 16491 times
Optimized to loss metric = 6.450337497205388e-14
Queried loss func 25582 times
Optimized to loss metric = 3.8423552398613933e-14
Queried loss func 12926 times
Optimized to loss metric = 4.3725460264262134e-14
Queried loss func 34268 times
[d=2] Median loss: 2.5870177853236365e-13, stdev: 0.0
[d=2] Mean # queries: 17125.0, stdev: 0.0
Calculations complete!
