Starting calculations...
      ┌───┐                    
q0_0: ┤ H ├──■────■────■────■──
      └───┘┌─┴─┐  │    │    │  
q0_1: ─────┤ X ├──┼────┼────┼──
           └───┘┌─┴─┐  │    │  
q0_2: ──────────┤ X ├──┼────┼──
                └───┘┌─┴─┐  │  
q0_3: ───────────────┤ X ├──┼──
                     └───┘┌─┴─┐
q0_4: ────────────────────┤ X ├
                          └───┘
Querying on d = 3
[d=3] Variational circuit:
      ┌───────┐┌───────┐     ┌───────┐┌───────┐                  ┌───────┐»
q3_0: ┤ Ry(0) ├┤ Rz(0) ├──■──┤ Ry(0) ├┤ Rz(0) ├─────────────■────┤ Ry(0) ├»
      ├───────┤├───────┤┌─┴─┐└───────┘├───────┤┌───────┐  ┌─┴─┐  └───────┘»
q3_1: ┤ Ry(0) ├┤ Rz(0) ├┤ X ├────■────┤ Ry(0) ├┤ Rz(0) ├──┤ X ├──────■────»
      ├───────┤├───────┤└───┘  ┌─┴─┐  └───────┘├───────┤┌─┴───┴─┐  ┌─┴─┐  »
q3_2: ┤ Ry(0) ├┤ Rz(0) ├───────┤ X ├──────■────┤ Ry(0) ├┤ Rz(0) ├──┤ X ├──»
      ├───────┤├───────┤       └───┘    ┌─┴─┐  └───────┘├───────┤┌─┴───┴─┐»
q3_3: ┤ Ry(0) ├┤ Rz(0) ├────────────────┤ X ├──────■────┤ Ry(0) ├┤ Rz(0) ├»
      ├───────┤├───────┤                └───┘    ┌─┴─┐  ├───────┤├───────┤»
q3_4: ┤ Ry(0) ├┤ Rz(0) ├─────────────────────────┤ X ├──┤ Ry(0) ├┤ Rz(0) ├»
      └───────┘└───────┘                         └───┘  └───────┘└───────┘»
«      ┌───────┐                  ┌───────┐┌───────┐┌──────────┐            »
«q3_0: ┤ Rz(0) ├─────────────■────┤ Ry(0) ├┤ Rz(0) ├┤ U(0,0,0) ├────────────»
«      ├───────┤┌───────┐  ┌─┴─┐  └───────┘├───────┤└┬───────┬─┘┌──────────┐»
«q3_1: ┤ Ry(0) ├┤ Rz(0) ├──┤ X ├──────■────┤ Ry(0) ├─┤ Rz(0) ├──┤ U(0,0,0) ├»
«      └───────┘├───────┤┌─┴───┴─┐  ┌─┴─┐  └───────┘ ├───────┤  └┬───────┬─┘»
«q3_2: ────■────┤ Ry(0) ├┤ Rz(0) ├──┤ X ├──────■─────┤ Ry(0) ├───┤ Rz(0) ├──»
«        ┌─┴─┐  └───────┘├───────┤┌─┴───┴─┐  ┌─┴─┐   └───────┘   ├───────┤  »
«q3_3: ──┤ X ├──────■────┤ Ry(0) ├┤ Rz(0) ├──┤ X ├───────■───────┤ Ry(0) ├──»
«        └───┘    ┌─┴─┐  ├───────┤├───────┤  └───┘     ┌─┴─┐     ├───────┤  »
«q3_4: ───────────┤ X ├──┤ Ry(0) ├┤ Rz(0) ├────────────┤ X ├─────┤ Ry(0) ├──»
«                 └───┘  └───────┘└───────┘            └───┘     └───────┘  »
«                              
«q3_0: ────────────────────────
«                              
«q3_1: ────────────────────────
«      ┌──────────┐            
«q3_2: ┤ U(0,0,0) ├────────────
«      └┬───────┬─┘┌──────────┐
«q3_3: ─┤ Rz(0) ├──┤ U(0,0,0) ├
«       ├───────┤  ├──────────┤
«q3_4: ─┤ Rz(0) ├──┤ U(0,0,0) ├
«       └───────┘  └──────────┘
Optimized to loss metric = 9.485342605764988e-14
Queried loss func 33816 times
Optimized to loss metric = 2.7376154676517217e-09
Queried loss func 42897 times
Optimized to loss metric = 2.079715089378653e-12
Queried loss func 69748 times
Optimized to loss metric = 8.489049578303681e-14
Queried loss func 73132 times
Optimized to loss metric = 7.555567093199891e-14
Queried loss func 88506 times
Optimized to loss metric = 2.264357104597714e-12
Queried loss func 35752 times
Optimized to loss metric = 1.3644806313474478e-13
Queried loss func 46225 times
Optimized to loss metric = 1.5692728692028035e-13
Queried loss func 115834 times
Optimized to loss metric = 1.241425582124145e-13
Queried loss func 43619 times
Optimized to loss metric = 1.4639903872515347e-12
Queried loss func 37563 times
[d=3] Median loss: 8.489049578303681e-14, stdev: 0.0
[d=3] Mean # queries: 73132.0, stdev: 0.0
Calculations complete!
