Starting calculations...
      ┌───┐                    
q0_0: ┤ H ├──■────■────■────■──
      └───┘┌─┴─┐  │    │    │  
q0_1: ─────┤ X ├──┼────┼────┼──
           └───┘┌─┴─┐  │    │  
q0_2: ──────────┤ X ├──┼────┼──
                └───┘┌─┴─┐  │  
q0_3: ───────────────┤ X ├──┼──
                     └───┘┌─┴─┐
q0_4: ────────────────────┤ X ├
                          └───┘
Querying on d = 4
[d=4] Variational circuit:
      ┌───────┐┌───────┐     ┌───────┐┌───────┐                  ┌───────┐»
q3_0: ┤ Ry(0) ├┤ Rz(0) ├──■──┤ Ry(0) ├┤ Rz(0) ├─────────────■────┤ Ry(0) ├»
      ├───────┤├───────┤┌─┴─┐└───────┘├───────┤┌───────┐  ┌─┴─┐  └───────┘»
q3_1: ┤ Ry(0) ├┤ Rz(0) ├┤ X ├────■────┤ Ry(0) ├┤ Rz(0) ├──┤ X ├──────■────»
      ├───────┤├───────┤└───┘  ┌─┴─┐  └───────┘├───────┤┌─┴───┴─┐  ┌─┴─┐  »
q3_2: ┤ Ry(0) ├┤ Rz(0) ├───────┤ X ├──────■────┤ Ry(0) ├┤ Rz(0) ├──┤ X ├──»
      ├───────┤├───────┤       └───┘    ┌─┴─┐  └───────┘├───────┤┌─┴───┴─┐»
q3_3: ┤ Ry(0) ├┤ Rz(0) ├────────────────┤ X ├──────■────┤ Ry(0) ├┤ Rz(0) ├»
      ├───────┤├───────┤                └───┘    ┌─┴─┐  ├───────┤├───────┤»
q3_4: ┤ Ry(0) ├┤ Rz(0) ├─────────────────────────┤ X ├──┤ Ry(0) ├┤ Rz(0) ├»
      └───────┘└───────┘                         └───┘  └───────┘└───────┘»
«      ┌───────┐                  ┌───────┐┌───────┐                  ┌───────┐»
«q3_0: ┤ Rz(0) ├─────────────■────┤ Ry(0) ├┤ Rz(0) ├─────────────■────┤ Ry(0) ├»
«      ├───────┤┌───────┐  ┌─┴─┐  └───────┘├───────┤┌───────┐  ┌─┴─┐  └───────┘»
«q3_1: ┤ Ry(0) ├┤ Rz(0) ├──┤ X ├──────■────┤ Ry(0) ├┤ Rz(0) ├──┤ X ├──────■────»
«      └───────┘├───────┤┌─┴───┴─┐  ┌─┴─┐  └───────┘├───────┤┌─┴───┴─┐  ┌─┴─┐  »
«q3_2: ────■────┤ Ry(0) ├┤ Rz(0) ├──┤ X ├──────■────┤ Ry(0) ├┤ Rz(0) ├──┤ X ├──»
«        ┌─┴─┐  └───────┘├───────┤┌─┴───┴─┐  ┌─┴─┐  └───────┘├───────┤┌─┴───┴─┐»
«q3_3: ──┤ X ├──────■────┤ Ry(0) ├┤ Rz(0) ├──┤ X ├──────■────┤ Ry(0) ├┤ Rz(0) ├»
«        └───┘    ┌─┴─┐  ├───────┤├───────┤  └───┘    ┌─┴─┐  ├───────┤├───────┤»
«q3_4: ───────────┤ X ├──┤ Ry(0) ├┤ Rz(0) ├───────────┤ X ├──┤ Ry(0) ├┤ Rz(0) ├»
«                 └───┘  └───────┘└───────┘           └───┘  └───────┘└───────┘»
«      ┌───────┐┌──────────┐                                    
«q3_0: ┤ Rz(0) ├┤ U(0,0,0) ├────────────────────────────────────
«      ├───────┤└┬───────┬─┘┌──────────┐                        
«q3_1: ┤ Ry(0) ├─┤ Rz(0) ├──┤ U(0,0,0) ├────────────────────────
«      └───────┘ ├───────┤  └┬───────┬─┘┌──────────┐            
«q3_2: ────■─────┤ Ry(0) ├───┤ Rz(0) ├──┤ U(0,0,0) ├────────────
«        ┌─┴─┐   └───────┘   ├───────┤  └┬───────┬─┘┌──────────┐
«q3_3: ──┤ X ├───────■───────┤ Ry(0) ├───┤ Rz(0) ├──┤ U(0,0,0) ├
«        └───┘     ┌─┴─┐     ├───────┤   ├───────┤  ├──────────┤
«q3_4: ────────────┤ X ├─────┤ Ry(0) ├───┤ Rz(0) ├──┤ U(0,0,0) ├
«                  └───┘     └───────┘   └───────┘  └──────────┘
Optimized to loss metric = 4.0473673674698563e-13
Queried loss func 303711 times
Optimized to loss metric = 1.1961708750243827e-12
Queried loss func 375929 times
Optimized to loss metric = 1.0539122907715637e-09
Queried loss func 48245 times
Optimized to loss metric = 4.0675600908313125e-13
Queried loss func 313104 times
Optimized to loss metric = 4.676691976387981e-13
Queried loss func 70500 times
Optimized to loss metric = 1.592010892689441e-13
Queried loss func 109792 times
Optimized to loss metric = 8.194494209709177e-14
Queried loss func 187611 times
Optimized to loss metric = 2.564749523870091e-10
Queried loss func 66701 times
Optimized to loss metric = 2.1838472870350234e-12
Queried loss func 170094 times
Optimized to loss metric = 5.724934415418659e-12
Queried loss func 340465 times
[d=4] Median loss: 4.676691976387981e-13, stdev: 0.0
[d=4] Mean # queries: 70500.0, stdev: 0.0
Calculations complete!
