Starting calculations...
      ┌───┐               
q0_0: ┤ H ├──■────■────■──
      └───┘┌─┴─┐  │    │  
q0_1: ─────┤ X ├──┼────┼──
           └───┘┌─┴─┐  │  
q0_2: ──────────┤ X ├──┼──
                └───┘┌─┴─┐
q0_3: ───────────────┤ X ├
                     └───┘
Querying on d = 3
[d=3] Variational circuit:
      ┌───────┐┌───────┐     ┌───────┐┌───────┐                  ┌───────┐»
q3_0: ┤ Ry(0) ├┤ Rz(0) ├──■──┤ Ry(0) ├┤ Rz(0) ├─────────────■────┤ Ry(0) ├»
      ├───────┤├───────┤┌─┴─┐└───────┘├───────┤┌───────┐  ┌─┴─┐  └───────┘»
q3_1: ┤ Ry(0) ├┤ Rz(0) ├┤ X ├────■────┤ Ry(0) ├┤ Rz(0) ├──┤ X ├──────■────»
      ├───────┤├───────┤└───┘  ┌─┴─┐  └───────┘├───────┤┌─┴───┴─┐  ┌─┴─┐  »
q3_2: ┤ Ry(0) ├┤ Rz(0) ├───────┤ X ├──────■────┤ Ry(0) ├┤ Rz(0) ├──┤ X ├──»
      ├───────┤├───────┤       └───┘    ┌─┴─┐  ├───────┤├───────┤  └───┘  »
q3_3: ┤ Ry(0) ├┤ Rz(0) ├────────────────┤ X ├──┤ Ry(0) ├┤ Rz(0) ├─────────»
      └───────┘└───────┘                └───┘  └───────┘└───────┘         »
«      ┌───────┐                  ┌───────┐┌───────┐┌──────────┐            »
«q3_0: ┤ Rz(0) ├─────────────■────┤ Ry(0) ├┤ Rz(0) ├┤ U(0,0,0) ├────────────»
«      ├───────┤┌───────┐  ┌─┴─┐  └───────┘├───────┤└┬───────┬─┘┌──────────┐»
«q3_1: ┤ Ry(0) ├┤ Rz(0) ├──┤ X ├──────■────┤ Ry(0) ├─┤ Rz(0) ├──┤ U(0,0,0) ├»
«      └───────┘├───────┤┌─┴───┴─┐  ┌─┴─┐  └───────┘ ├───────┤  └┬───────┬─┘»
«q3_2: ────■────┤ Ry(0) ├┤ Rz(0) ├──┤ X ├──────■─────┤ Ry(0) ├───┤ Rz(0) ├──»
«        ┌─┴─┐  ├───────┤├───────┤  └───┘    ┌─┴─┐   ├───────┤   ├───────┤  »
«q3_3: ──┤ X ├──┤ Ry(0) ├┤ Rz(0) ├───────────┤ X ├───┤ Ry(0) ├───┤ Rz(0) ├──»
«        └───┘  └───────┘└───────┘           └───┘   └───────┘   └───────┘  »
«                  
«q3_0: ────────────
«                  
«q3_1: ────────────
«      ┌──────────┐
«q3_2: ┤ U(0,0,0) ├
«      ├──────────┤
«q3_3: ┤ U(0,0,0) ├
«      └──────────┘
Optimized to loss metric = 1.2860555448270666e-13
Queried loss func 48715 times
Optimized to loss metric = 9.904430791143892e-13
Queried loss func 89946 times
Optimized to loss metric = 1.0583506727251946e-12
Queried loss func 88181 times
Optimized to loss metric = 6.632557458981225e-13
Queried loss func 107756 times
Optimized to loss metric = 8.700873138298149e-13
Queried loss func 114898 times
Optimized to loss metric = 6.182826874177177e-14
Queried loss func 37746 times
Optimized to loss metric = 5.788451857592636e-13
Queried loss func 44752 times
Optimized to loss metric = 3.5169556069497565e-12
Queried loss func 67312 times
Optimized to loss metric = 2.959706590054123e-14
Queried loss func 35794 times
Optimized to loss metric = 1.4021238766662603e-14
Queried loss func 41417 times
[d=3] Median loss: 6.632557458981225e-13, stdev: 0.0
[d=3] Mean # queries: 107756.0, stdev: 0.0
Calculations complete!
