Starting calculations...
      ┌───┐               
q0_0: ┤ H ├──■────■────■──
      └───┘┌─┴─┐  │    │  
q0_1: ─────┤ X ├──┼────┼──
           └───┘┌─┴─┐  │  
q0_2: ──────────┤ X ├──┼──
                └───┘┌─┴─┐
q0_3: ───────────────┤ X ├
                     └───┘
Querying on d = 4
[d=4] Variational circuit:
      ┌───────┐┌───────┐     ┌───────┐┌───────┐                  ┌───────┐»
q3_0: ┤ Ry(0) ├┤ Rz(0) ├──■──┤ Ry(0) ├┤ Rz(0) ├─────────────■────┤ Ry(0) ├»
      ├───────┤├───────┤┌─┴─┐└───────┘├───────┤┌───────┐  ┌─┴─┐  └───────┘»
q3_1: ┤ Ry(0) ├┤ Rz(0) ├┤ X ├────■────┤ Ry(0) ├┤ Rz(0) ├──┤ X ├──────■────»
      ├───────┤├───────┤└───┘  ┌─┴─┐  └───────┘├───────┤┌─┴───┴─┐  ┌─┴─┐  »
q3_2: ┤ Ry(0) ├┤ Rz(0) ├───────┤ X ├──────■────┤ Ry(0) ├┤ Rz(0) ├──┤ X ├──»
      ├───────┤├───────┤       └───┘    ┌─┴─┐  ├───────┤├───────┤  └───┘  »
q3_3: ┤ Ry(0) ├┤ Rz(0) ├────────────────┤ X ├──┤ Ry(0) ├┤ Rz(0) ├─────────»
      └───────┘└───────┘                └───┘  └───────┘└───────┘         »
«      ┌───────┐                  ┌───────┐┌───────┐                  ┌───────┐»
«q3_0: ┤ Rz(0) ├─────────────■────┤ Ry(0) ├┤ Rz(0) ├─────────────■────┤ Ry(0) ├»
«      ├───────┤┌───────┐  ┌─┴─┐  └───────┘├───────┤┌───────┐  ┌─┴─┐  └───────┘»
«q3_1: ┤ Ry(0) ├┤ Rz(0) ├──┤ X ├──────■────┤ Ry(0) ├┤ Rz(0) ├──┤ X ├──────■────»
«      └───────┘├───────┤┌─┴───┴─┐  ┌─┴─┐  └───────┘├───────┤┌─┴───┴─┐  ┌─┴─┐  »
«q3_2: ────■────┤ Ry(0) ├┤ Rz(0) ├──┤ X ├──────■────┤ Ry(0) ├┤ Rz(0) ├──┤ X ├──»
«        ┌─┴─┐  ├───────┤├───────┤  └───┘    ┌─┴─┐  ├───────┤├───────┤  └───┘  »
«q3_3: ──┤ X ├──┤ Ry(0) ├┤ Rz(0) ├───────────┤ X ├──┤ Ry(0) ├┤ Rz(0) ├─────────»
«        └───┘  └───────┘└───────┘           └───┘  └───────┘└───────┘         »
«      ┌───────┐┌──────────┐                        
«q3_0: ┤ Rz(0) ├┤ U(0,0,0) ├────────────────────────
«      ├───────┤└┬───────┬─┘┌──────────┐            
«q3_1: ┤ Ry(0) ├─┤ Rz(0) ├──┤ U(0,0,0) ├────────────
«      └───────┘ ├───────┤  └┬───────┬─┘┌──────────┐
«q3_2: ────■─────┤ Ry(0) ├───┤ Rz(0) ├──┤ U(0,0,0) ├
«        ┌─┴─┐   ├───────┤   ├───────┤  ├──────────┤
«q3_3: ──┤ X ├───┤ Ry(0) ├───┤ Rz(0) ├──┤ U(0,0,0) ├
«        └───┘   └───────┘   └───────┘  └──────────┘
Optimized to loss metric = 1.4135173066753826e-12
Queried loss func 66750 times
Optimized to loss metric = 1.3243483458318106e-13
Queried loss func 70491 times
Optimized to loss metric = 5.751226318101432e-13
Queried loss func 79934 times
Optimized to loss metric = 5.042847107776527e-13
Queried loss func 65362 times
Optimized to loss metric = 6.219308922028599e-13
Queried loss func 58653 times
Optimized to loss metric = 1.4277992579480453e-13
Queried loss func 44559 times
Optimized to loss metric = 5.89543875956916e-14
Queried loss func 64966 times
Optimized to loss metric = 1.986632212902517e-11
Queried loss func 46226 times
Optimized to loss metric = 3.450884868659576e-13
Queried loss func 31508 times
Optimized to loss metric = 1.189395533018195e-13
Queried loss func 72258 times
[d=4] Median loss: 6.219308922028599e-13, stdev: 0.0
[d=4] Mean # queries: 58653.0, stdev: 0.0
Calculations complete!
